{"/home/dwalleck/repos/mental-health-bar-rs/src/lib/components/assessments/AssessmentForm.svelte": {"path":"/home/dwalleck/repos/mental-health-bar-rs/src/lib/components/assessments/AssessmentForm.svelte","all":true,"statementMap":{"0":{"start":{"line":1,"column":0},"end":{"line":1,"column":18}},"8":{"start":{"line":9,"column":0},"end":{"line":9,"column":35}},"10":{"start":{"line":11,"column":0},"end":{"line":11,"column":42}},"11":{"start":{"line":12,"column":0},"end":{"line":12,"column":30}},"12":{"start":{"line":13,"column":0},"end":{"line":13,"column":16}},"13":{"start":{"line":14,"column":0},"end":{"line":14,"column":20}},"14":{"start":{"line":15,"column":0},"end":{"line":15,"column":24}},"15":{"start":{"line":16,"column":0},"end":{"line":16,"column":16}},"17":{"start":{"line":18,"column":0},"end":{"line":18,"column":22}},"18":{"start":{"line":19,"column":0},"end":{"line":19,"column":7}},"19":{"start":{"line":20,"column":0},"end":{"line":20,"column":57}},"20":{"start":{"line":21,"column":0},"end":{"line":21,"column":38}},"22":{"start":{"line":23,"column":0},"end":{"line":23,"column":52}},"23":{"start":{"line":24,"column":0},"end":{"line":24,"column":15}},"24":{"start":{"line":25,"column":0},"end":{"line":25,"column":21}},"25":{"start":{"line":26,"column":0},"end":{"line":26,"column":13}},"26":{"start":{"line":27,"column":0},"end":{"line":27,"column":19}},"27":{"start":{"line":28,"column":0},"end":{"line":28,"column":3}},"28":{"start":{"line":29,"column":0},"end":{"line":29,"column":4}},"30":{"start":{"line":31,"column":0},"end":{"line":31,"column":32}},"32":{"start":{"line":33,"column":0},"end":{"line":33,"column":19}},"34":{"start":{"line":35,"column":0},"end":{"line":35,"column":3}},"37":{"start":{"line":38,"column":0},"end":{"line":38,"column":40}},"38":{"start":{"line":39,"column":0},"end":{"line":39,"column":41}},"40":{"start":{"line":41,"column":0},"end":{"line":41,"column":3}},"42":{"start":{"line":43,"column":0},"end":{"line":43,"column":20}},"43":{"start":{"line":44,"column":0},"end":{"line":44,"column":13}},"45":{"start":{"line":46,"column":0},"end":{"line":46,"column":7}},"46":{"start":{"line":47,"column":0},"end":{"line":47,"column":45}},"47":{"start":{"line":48,"column":0},"end":{"line":48,"column":41}},"48":{"start":{"line":49,"column":0},"end":{"line":49,"column":25}},"49":{"start":{"line":50,"column":0},"end":{"line":50,"column":24}},"52":{"start":{"line":53,"column":0},"end":{"line":53,"column":85}},"55":{"start":{"line":56,"column":0},"end":{"line":56,"column":68}},"56":{"start":{"line":57,"column":0},"end":{"line":57,"column":15}},"57":{"start":{"line":58,"column":0},"end":{"line":58,"column":21}},"58":{"start":{"line":59,"column":0},"end":{"line":59,"column":13}},"59":{"start":{"line":60,"column":0},"end":{"line":60,"column":22}},"60":{"start":{"line":61,"column":0},"end":{"line":61,"column":3}},"61":{"start":{"line":62,"column":0},"end":{"line":62,"column":2}},"63":{"start":{"line":64,"column":0},"end":{"line":64,"column":68}},"64":{"start":{"line":65,"column":0},"end":{"line":65,"column":41}},"65":{"start":{"line":66,"column":0},"end":{"line":66,"column":2}},"67":{"start":{"line":68,"column":0},"end":{"line":68,"column":56}},"68":{"start":{"line":69,"column":0},"end":{"line":69,"column":58}},"75":{"start":{"line":76,"column":0},"end":{"line":76,"column":75}},"79":{"start":{"line":80,"column":0},"end":{"line":80,"column":14}},"83":{"start":{"line":84,"column":0},"end":{"line":84,"column":43}},"85":{"start":{"line":86,"column":0},"end":{"line":86,"column":45}},"91":{"start":{"line":92,"column":0},"end":{"line":92,"column":46}},"96":{"start":{"line":97,"column":0},"end":{"line":97,"column":100}},"99":{"start":{"line":100,"column":0},"end":{"line":100,"column":66}},"100":{"start":{"line":101,"column":0},"end":{"line":101,"column":35}},"102":{"start":{"line":103,"column":0},"end":{"line":103,"column":72}},"103":{"start":{"line":104,"column":0},"end":{"line":104,"column":40}},"105":{"start":{"line":106,"column":0},"end":{"line":106,"column":83}},"106":{"start":{"line":107,"column":0},"end":{"line":107,"column":53}},"110":{"start":{"line":111,"column":0},"end":{"line":111,"column":51}},"111":{"start":{"line":112,"column":0},"end":{"line":112,"column":95}},"112":{"start":{"line":113,"column":0},"end":{"line":113,"column":19}},"113":{"start":{"line":114,"column":0},"end":{"line":114,"column":39}},"114":{"start":{"line":115,"column":0},"end":{"line":115,"column":52}},"115":{"start":{"line":116,"column":0},"end":{"line":116,"column":53}},"119":{"start":{"line":120,"column":0},"end":{"line":120,"column":96}},"120":{"start":{"line":121,"column":0},"end":{"line":121,"column":12}},"121":{"start":{"line":122,"column":0},"end":{"line":122,"column":27}},"122":{"start":{"line":123,"column":0},"end":{"line":123,"column":42}},"123":{"start":{"line":124,"column":0},"end":{"line":124,"column":32}},"125":{"start":{"line":126,"column":0},"end":{"line":126,"column":44}},"129":{"start":{"line":130,"column":0},"end":{"line":130,"column":52}},"139":{"start":{"line":140,"column":0},"end":{"line":140,"column":23}},"146":{"start":{"line":147,"column":0},"end":{"line":147,"column":38}},"148":{"start":{"line":149,"column":0},"end":{"line":149,"column":40}},"152":{"start":{"line":153,"column":0},"end":{"line":153,"column":106}},"153":{"start":{"line":154,"column":0},"end":{"line":154,"column":56}}},"s":{"0":0,"8":0,"10":0,"11":0,"12":0,"13":0,"14":0,"15":0,"17":0,"18":0,"19":0,"20":0,"22":0,"23":0,"24":0,"25":0,"26":0,"27":0,"28":0,"30":0,"32":0,"34":0,"37":0,"38":0,"40":0,"42":0,"43":0,"45":0,"46":0,"47":0,"48":0,"49":0,"52":0,"55":0,"56":0,"57":0,"58":0,"59":0,"60":0,"61":0,"63":0,"64":0,"65":0,"67":0,"68":0,"75":0,"79":0,"83":0,"85":0,"91":0,"96":0,"99":0,"100":0,"102":0,"103":0,"105":0,"106":0,"110":0,"111":0,"112":0,"113":0,"114":0,"115":0,"119":0,"120":0,"121":0,"122":0,"123":0,"125":0,"129":0,"139":0,"146":0,"148":0,"152":0,"153":0},"branchMap":{"0":{"type":"branch","line":1,"loc":{"start":{"line":1,"column":4576},"end":{"line":158,"column":6}},"locations":[{"start":{"line":1,"column":4576},"end":{"line":158,"column":6}}]}},"b":{"0":[0]},"fnMap":{"0":{"name":"(empty-report)","decl":{"start":{"line":1,"column":4576},"end":{"line":158,"column":6}},"loc":{"start":{"line":1,"column":4576},"end":{"line":158,"column":6}},"line":1}},"f":{"0":0}}
,"/home/dwalleck/repos/mental-health-bar-rs/src/lib/components/assessments/AssessmentList.svelte": {"path":"/home/dwalleck/repos/mental-health-bar-rs/src/lib/components/assessments/AssessmentList.svelte","all":true,"statementMap":{"0":{"start":{"line":1,"column":0},"end":{"line":1,"column":18}},"8":{"start":{"line":9,"column":0},"end":{"line":9,"column":44}},"9":{"start":{"line":10,"column":0},"end":{"line":10,"column":20}},"10":{"start":{"line":11,"column":0},"end":{"line":11,"column":16}},"12":{"start":{"line":13,"column":0},"end":{"line":13,"column":22}},"13":{"start":{"line":14,"column":0},"end":{"line":14,"column":7}},"14":{"start":{"line":15,"column":0},"end":{"line":15,"column":58}},"15":{"start":{"line":16,"column":0},"end":{"line":16,"column":15}},"16":{"start":{"line":17,"column":0},"end":{"line":17,"column":21}},"17":{"start":{"line":18,"column":0},"end":{"line":18,"column":13}},"18":{"start":{"line":19,"column":0},"end":{"line":19,"column":19}},"19":{"start":{"line":20,"column":0},"end":{"line":20,"column":3}},"20":{"start":{"line":21,"column":0},"end":{"line":21,"column":4}},"22":{"start":{"line":23,"column":0},"end":{"line":23,"column":41}},"23":{"start":{"line":24,"column":0},"end":{"line":24,"column":31}},"24":{"start":{"line":25,"column":0},"end":{"line":25,"column":2}},"34":{"start":{"line":35,"column":0},"end":{"line":35,"column":14}},"36":{"start":{"line":37,"column":0},"end":{"line":37,"column":17}},"38":{"start":{"line":39,"column":0},"end":{"line":39,"column":45}},"42":{"start":{"line":43,"column":0},"end":{"line":43,"column":40}},"44":{"start":{"line":45,"column":0},"end":{"line":45,"column":80}},"46":{"start":{"line":47,"column":0},"end":{"line":47,"column":60}},"49":{"start":{"line":50,"column":0},"end":{"line":50,"column":56}},"50":{"start":{"line":51,"column":0},"end":{"line":51,"column":71}},"52":{"start":{"line":53,"column":0},"end":{"line":53,"column":91}}},"s":{"0":0,"8":0,"9":0,"10":0,"12":0,"13":0,"14":0,"15":0,"16":0,"17":0,"18":0,"19":0,"20":0,"22":0,"23":0,"24":0,"34":0,"36":0,"38":0,"42":0,"44":0,"46":0,"49":0,"50":0,"52":0},"branchMap":{"0":{"type":"branch","line":1,"loc":{"start":{"line":1,"column":1729},"end":{"line":60,"column":6}},"locations":[{"start":{"line":1,"column":1729},"end":{"line":60,"column":6}}]}},"b":{"0":[0]},"fnMap":{"0":{"name":"(empty-report)","decl":{"start":{"line":1,"column":1729},"end":{"line":60,"column":6}},"loc":{"start":{"line":1,"column":1729},"end":{"line":60,"column":6}},"line":1}},"f":{"0":0}}
,"/home/dwalleck/repos/mental-health-bar-rs/src/lib/components/assessments/AssessmentResults.svelte": {"path":"/home/dwalleck/repos/mental-health-bar-rs/src/lib/components/assessments/AssessmentResults.svelte","all":true,"statementMap":{"0":{"start":{"line":1,"column":0},"end":{"line":1,"column":18}},"8":{"start":{"line":9,"column":0},"end":{"line":9,"column":33}},"10":{"start":{"line":11,"column":0},"end":{"line":11,"column":50}},"11":{"start":{"line":12,"column":0},"end":{"line":12,"column":20}},"12":{"start":{"line":13,"column":0},"end":{"line":13,"column":16}},"14":{"start":{"line":15,"column":0},"end":{"line":15,"column":22}},"15":{"start":{"line":16,"column":0},"end":{"line":16,"column":7}},"16":{"start":{"line":17,"column":0},"end":{"line":17,"column":78}},"17":{"start":{"line":18,"column":0},"end":{"line":18,"column":15}},"18":{"start":{"line":19,"column":0},"end":{"line":19,"column":21}},"19":{"start":{"line":20,"column":0},"end":{"line":20,"column":13}},"20":{"start":{"line":21,"column":0},"end":{"line":21,"column":19}},"21":{"start":{"line":22,"column":0},"end":{"line":22,"column":3}},"22":{"start":{"line":23,"column":0},"end":{"line":23,"column":4}},"24":{"start":{"line":25,"column":0},"end":{"line":25,"column":54}},"25":{"start":{"line":26,"column":0},"end":{"line":26,"column":42}},"26":{"start":{"line":27,"column":0},"end":{"line":27,"column":41}},"27":{"start":{"line":28,"column":0},"end":{"line":28,"column":40}},"28":{"start":{"line":29,"column":0},"end":{"line":29,"column":44}},"29":{"start":{"line":30,"column":0},"end":{"line":30,"column":47}},"30":{"start":{"line":31,"column":0},"end":{"line":31,"column":36}},"32":{"start":{"line":33,"column":0},"end":{"line":33,"column":56}},"33":{"start":{"line":34,"column":0},"end":{"line":34,"column":2}},"35":{"start":{"line":36,"column":0},"end":{"line":36,"column":52}},"36":{"start":{"line":37,"column":0},"end":{"line":37,"column":17}},"37":{"start":{"line":38,"column":0},"end":{"line":38,"column":14}},"38":{"start":{"line":39,"column":0},"end":{"line":39,"column":63}},"39":{"start":{"line":40,"column":0},"end":{"line":40,"column":14}},"40":{"start":{"line":41,"column":0},"end":{"line":41,"column":2}},"42":{"start":{"line":43,"column":0},"end":{"line":43,"column":50}},"43":{"start":{"line":44,"column":0},"end":{"line":44,"column":36}},"44":{"start":{"line":45,"column":0},"end":{"line":45,"column":31}},"45":{"start":{"line":46,"column":0},"end":{"line":46,"column":2}},"54":{"start":{"line":55,"column":0},"end":{"line":55,"column":14}},"58":{"start":{"line":59,"column":0},"end":{"line":59,"column":17}},"60":{"start":{"line":61,"column":0},"end":{"line":61,"column":45}},"62":{"start":{"line":63,"column":0},"end":{"line":63,"column":22}},"66":{"start":{"line":67,"column":0},"end":{"line":67,"column":66}},"71":{"start":{"line":72,"column":0},"end":{"line":72,"column":86}},"73":{"start":{"line":74,"column":0},"end":{"line":74,"column":51}},"75":{"start":{"line":76,"column":0},"end":{"line":76,"column":98}},"76":{"start":{"line":77,"column":0},"end":{"line":77,"column":84}},"85":{"start":{"line":86,"column":0},"end":{"line":86,"column":94}},"86":{"start":{"line":87,"column":0},"end":{"line":87,"column":95}},"90":{"start":{"line":91,"column":0},"end":{"line":91,"column":26}},"93":{"start":{"line":94,"column":0},"end":{"line":94,"column":73}},"101":{"start":{"line":102,"column":0},"end":{"line":102,"column":52}},"103":{"start":{"line":104,"column":0},"end":{"line":104,"column":54}},"105":{"start":{"line":106,"column":0},"end":{"line":106,"column":58}},"107":{"start":{"line":108,"column":0},"end":{"line":108,"column":109}},"121":{"start":{"line":122,"column":0},"end":{"line":122,"column":78}},"124":{"start":{"line":125,"column":0},"end":{"line":125,"column":75}}},"s":{"0":0,"8":0,"10":0,"11":0,"12":0,"14":0,"15":0,"16":0,"17":0,"18":0,"19":0,"20":0,"21":0,"22":0,"24":0,"25":0,"26":0,"27":0,"28":0,"29":0,"30":0,"32":0,"33":0,"35":0,"36":0,"37":0,"38":0,"39":0,"40":0,"42":0,"43":0,"44":0,"45":0,"54":0,"58":0,"60":0,"62":0,"66":0,"71":0,"73":0,"75":0,"76":0,"85":0,"86":0,"90":0,"93":0,"101":0,"103":0,"105":0,"107":0,"121":0,"124":0},"branchMap":{"0":{"type":"branch","line":1,"loc":{"start":{"line":1,"column":4601},"end":{"line":131,"column":6}},"locations":[{"start":{"line":1,"column":4601},"end":{"line":131,"column":6}}]}},"b":{"0":[0]},"fnMap":{"0":{"name":"(empty-report)","decl":{"start":{"line":1,"column":4601},"end":{"line":131,"column":6}},"loc":{"start":{"line":1,"column":4601},"end":{"line":131,"column":6}},"line":1}},"f":{"0":0}}
,"/home/dwalleck/repos/mental-health-bar-rs/src/lib/components/charts/ActivityCorrelationChart.svelte": {"path":"/home/dwalleck/repos/mental-health-bar-rs/src/lib/components/charts/ActivityCorrelationChart.svelte","all":false,"statementMap":{"0":{"start":{"line":1,"column":0},"end":{"line":1,"column":18}},"12":{"start":{"line":13,"column":0},"end":{"line":13,"column":48}},"14":{"start":{"line":15,"column":0},"end":{"line":15,"column":41}},"15":{"start":{"line":16,"column":0},"end":{"line":16,"column":31}},"17":{"start":{"line":18,"column":0},"end":{"line":18,"column":50}},"19":{"start":{"line":20,"column":0},"end":{"line":20,"column":16}},"20":{"start":{"line":21,"column":0},"end":{"line":21,"column":16}},"22":{"start":{"line":23,"column":0},"end":{"line":23,"column":15}},"23":{"start":{"line":24,"column":0},"end":{"line":24,"column":19}},"24":{"start":{"line":25,"column":0},"end":{"line":25,"column":4}},"25":{"start":{"line":26,"column":0},"end":{"line":26,"column":3}},"26":{"start":{"line":27,"column":0},"end":{"line":27,"column":3}},"29":{"start":{"line":30,"column":0},"end":{"line":30,"column":16}},"30":{"start":{"line":31,"column":0},"end":{"line":31,"column":46}},"31":{"start":{"line":32,"column":0},"end":{"line":32,"column":15}},"32":{"start":{"line":33,"column":0},"end":{"line":33,"column":19}},"33":{"start":{"line":34,"column":0},"end":{"line":34,"column":16}},"34":{"start":{"line":35,"column":0},"end":{"line":35,"column":4}},"36":{"start":{"line":37,"column":0},"end":{"line":37,"column":3}},"39":{"start":{"line":40,"column":0},"end":{"line":40,"column":14}},"40":{"start":{"line":41,"column":0},"end":{"line":41,"column":18}},"41":{"start":{"line":42,"column":0},"end":{"line":42,"column":3}},"44":{"start":{"line":45,"column":0},"end":{"line":45,"column":78}},"47":{"start":{"line":48,"column":0},"end":{"line":48,"column":61}},"48":{"start":{"line":49,"column":0},"end":{"line":49,"column":60}},"51":{"start":{"line":52,"column":0},"end":{"line":52,"column":65}},"52":{"start":{"line":53,"column":0},"end":{"line":53,"column":42}},"53":{"start":{"line":54,"column":0},"end":{"line":54,"column":42}},"54":{"start":{"line":55,"column":0},"end":{"line":55,"column":42}},"55":{"start":{"line":56,"column":0},"end":{"line":56,"column":44}},"56":{"start":{"line":57,"column":0},"end":{"line":57,"column":3}},"59":{"start":{"line":60,"column":0},"end":{"line":60,"column":50}},"60":{"start":{"line":61,"column":0},"end":{"line":61,"column":54}},"61":{"start":{"line":62,"column":0},"end":{"line":62,"column":53}},"62":{"start":{"line":63,"column":0},"end":{"line":63,"column":34}},"63":{"start":{"line":64,"column":0},"end":{"line":64,"column":4}},"66":{"start":{"line":67,"column":0},"end":{"line":67,"column":46}},"67":{"start":{"line":68,"column":0},"end":{"line":68,"column":54}},"68":{"start":{"line":69,"column":0},"end":{"line":69,"column":53}},"69":{"start":{"line":70,"column":0},"end":{"line":70,"column":32}},"70":{"start":{"line":71,"column":0},"end":{"line":71,"column":4}},"73":{"start":{"line":74,"column":0},"end":{"line":74,"column":45}},"74":{"start":{"line":75,"column":0},"end":{"line":75,"column":15}},"75":{"start":{"line":76,"column":0},"end":{"line":76,"column":10}},"76":{"start":{"line":77,"column":0},"end":{"line":77,"column":11}},"77":{"start":{"line":78,"column":0},"end":{"line":78,"column":15}},"79":{"start":{"line":80,"column":0},"end":{"line":80,"column":28}},"80":{"start":{"line":81,"column":0},"end":{"line":81,"column":19}},"81":{"start":{"line":82,"column":0},"end":{"line":82,"column":40}},"82":{"start":{"line":83,"column":0},"end":{"line":83,"column":32}},"83":{"start":{"line":84,"column":0},"end":{"line":84,"column":21}},"87":{"start":{"line":88,"column":0},"end":{"line":88,"column":13}},"88":{"start":{"line":89,"column":0},"end":{"line":89,"column":30}},"89":{"start":{"line":90,"column":0},"end":{"line":90,"column":14}},"90":{"start":{"line":91,"column":0},"end":{"line":91,"column":39}},"91":{"start":{"line":92,"column":0},"end":{"line":92,"column":13}},"92":{"start":{"line":93,"column":0},"end":{"line":93,"column":20}},"93":{"start":{"line":94,"column":0},"end":{"line":94,"column":41}},"94":{"start":{"line":95,"column":0},"end":{"line":95,"column":13}},"95":{"start":{"line":96,"column":0},"end":{"line":96,"column":16}},"96":{"start":{"line":97,"column":0},"end":{"line":97,"column":22}},"98":{"start":{"line":99,"column":0},"end":{"line":99,"column":18}},"100":{"start":{"line":101,"column":0},"end":{"line":101,"column":15}},"101":{"start":{"line":102,"column":0},"end":{"line":102,"column":18}},"102":{"start":{"line":103,"column":0},"end":{"line":103,"column":34}},"103":{"start":{"line":104,"column":0},"end":{"line":104,"column":38}},"104":{"start":{"line":105,"column":0},"end":{"line":105,"column":67}},"105":{"start":{"line":106,"column":0},"end":{"line":106,"column":52}},"106":{"start":{"line":107,"column":0},"end":{"line":107,"column":23}},"107":{"start":{"line":108,"column":0},"end":{"line":108,"column":18}},"108":{"start":{"line":109,"column":0},"end":{"line":109,"column":22}},"109":{"start":{"line":110,"column":0},"end":{"line":110,"column":19}},"110":{"start":{"line":111,"column":0},"end":{"line":111,"column":24}},"112":{"start":{"line":113,"column":0},"end":{"line":113,"column":59}},"113":{"start":{"line":114,"column":0},"end":{"line":114,"column":77}},"114":{"start":{"line":115,"column":0},"end":{"line":115,"column":9}},"118":{"start":{"line":119,"column":0},"end":{"line":119,"column":13}},"119":{"start":{"line":120,"column":0},"end":{"line":120,"column":9}},"120":{"start":{"line":121,"column":0},"end":{"line":121,"column":13}},"121":{"start":{"line":122,"column":0},"end":{"line":122,"column":13}},"122":{"start":{"line":123,"column":0},"end":{"line":123,"column":14}},"123":{"start":{"line":124,"column":0},"end":{"line":124,"column":19}},"124":{"start":{"line":125,"column":0},"end":{"line":125,"column":35}},"125":{"start":{"line":126,"column":0},"end":{"line":126,"column":52}},"126":{"start":{"line":127,"column":0},"end":{"line":127,"column":23}},"127":{"start":{"line":128,"column":0},"end":{"line":128,"column":18}},"128":{"start":{"line":129,"column":0},"end":{"line":129,"column":22}},"129":{"start":{"line":130,"column":0},"end":{"line":130,"column":19}},"130":{"start":{"line":131,"column":0},"end":{"line":131,"column":24}},"132":{"start":{"line":133,"column":0},"end":{"line":133,"column":51}},"133":{"start":{"line":134,"column":0},"end":{"line":134,"column":9}},"135":{"start":{"line":136,"column":0},"end":{"line":136,"column":14}},"136":{"start":{"line":137,"column":0},"end":{"line":137,"column":21}},"137":{"start":{"line":138,"column":0},"end":{"line":138,"column":35}},"138":{"start":{"line":139,"column":0},"end":{"line":139,"column":14}},"139":{"start":{"line":140,"column":0},"end":{"line":140,"column":17}},"140":{"start":{"line":141,"column":0},"end":{"line":141,"column":23}},"143":{"start":{"line":144,"column":0},"end":{"line":144,"column":13}},"144":{"start":{"line":145,"column":0},"end":{"line":145,"column":35}},"147":{"start":{"line":148,"column":0},"end":{"line":148,"column":9}},"148":{"start":{"line":149,"column":0},"end":{"line":149,"column":13}},"149":{"start":{"line":150,"column":0},"end":{"line":150,"column":22}},"151":{"start":{"line":152,"column":0},"end":{"line":152,"column":14}},"152":{"start":{"line":153,"column":0},"end":{"line":153,"column":21}},"153":{"start":{"line":154,"column":0},"end":{"line":154,"column":24}},"154":{"start":{"line":155,"column":0},"end":{"line":155,"column":14}},"155":{"start":{"line":156,"column":0},"end":{"line":156,"column":17}},"156":{"start":{"line":157,"column":0},"end":{"line":157,"column":23}},"165":{"start":{"line":166,"column":0},"end":{"line":166,"column":37}},"166":{"start":{"line":167,"column":0},"end":{"line":167,"column":12}},"167":{"start":{"line":168,"column":0},"end":{"line":168,"column":33}},"168":{"start":{"line":169,"column":0},"end":{"line":169,"column":3}},"169":{"start":{"line":170,"column":0},"end":{"line":170,"column":3}},"173":{"start":{"line":174,"column":0},"end":{"line":174,"column":14}},"177":{"start":{"line":178,"column":0},"end":{"line":178,"column":20}},"200":{"start":{"line":201,"column":0},"end":{"line":201,"column":39}}},"s":{"0":1,"12":1,"14":1,"15":1,"17":1,"19":1,"20":25,"22":25,"23":17,"24":17,"25":25,"26":1,"29":1,"30":29,"31":10,"32":1,"33":1,"34":1,"36":10,"39":29,"40":0,"41":0,"44":19,"47":19,"48":19,"51":19,"52":200,"53":200,"54":200,"55":200,"56":200,"59":19,"60":100,"61":100,"62":100,"63":19,"66":19,"67":100,"68":100,"69":100,"70":19,"73":19,"74":19,"75":19,"76":19,"77":19,"79":19,"80":19,"81":19,"82":19,"83":19,"87":19,"88":19,"89":19,"90":19,"91":19,"92":19,"93":19,"94":19,"95":19,"96":19,"98":19,"100":19,"101":19,"102":19,"103":0,"104":0,"105":0,"106":0,"107":0,"108":0,"109":0,"110":0,"112":0,"113":0,"114":0,"118":19,"119":19,"120":19,"121":19,"122":19,"123":19,"124":19,"125":0,"126":0,"127":0,"128":0,"129":0,"130":0,"132":0,"133":0,"135":19,"136":19,"137":19,"138":19,"139":19,"140":19,"143":19,"144":19,"147":19,"148":19,"149":19,"151":19,"152":19,"153":19,"154":19,"155":19,"156":19,"165":19,"166":29,"167":18,"168":18,"169":1,"173":1,"177":1,"200":1},"branchMap":{"0":{"type":"branch","line":18,"loc":{"start":{"line":18,"column":14},"end":{"line":18,"column":49}},"locations":[{"start":{"line":18,"column":14},"end":{"line":18,"column":49}}]},"1":{"type":"branch","line":20,"loc":{"start":{"line":20,"column":8},"end":{"line":27,"column":2}},"locations":[{"start":{"line":20,"column":8},"end":{"line":27,"column":2}}]},"2":{"type":"branch","line":21,"loc":{"start":{"line":21,"column":15},"end":{"line":26,"column":3}},"locations":[{"start":{"line":21,"column":15},"end":{"line":26,"column":3}}]},"3":{"type":"branch","line":23,"loc":{"start":{"line":23,"column":14},"end":{"line":25,"column":4}},"locations":[{"start":{"line":23,"column":14},"end":{"line":25,"column":4}}]},"4":{"type":"branch","line":30,"loc":{"start":{"line":30,"column":8},"end":{"line":170,"column":2}},"locations":[{"start":{"line":30,"column":8},"end":{"line":170,"column":2}}]},"5":{"type":"branch","line":31,"loc":{"start":{"line":31,"column":13},"end":{"line":31,"column":31}},"locations":[{"start":{"line":31,"column":13},"end":{"line":31,"column":31}}]},"6":{"type":"branch","line":31,"loc":{"start":{"line":31,"column":13},"end":{"line":31,"column":45}},"locations":[{"start":{"line":31,"column":13},"end":{"line":31,"column":45}}]},"7":{"type":"branch","line":31,"loc":{"start":{"line":31,"column":45},"end":{"line":37,"column":3}},"locations":[{"start":{"line":31,"column":45},"end":{"line":37,"column":3}}]},"8":{"type":"branch","line":32,"loc":{"start":{"line":32,"column":14},"end":{"line":35,"column":4}},"locations":[{"start":{"line":32,"column":14},"end":{"line":35,"column":4}}]},"9":{"type":"branch","line":37,"loc":{"start":{"line":37,"column":2},"end":{"line":40,"column":13}},"locations":[{"start":{"line":37,"column":2},"end":{"line":40,"column":13}}]},"10":{"type":"branch","line":40,"loc":{"start":{"line":40,"column":13},"end":{"line":42,"column":3}},"locations":[{"start":{"line":40,"column":13},"end":{"line":42,"column":3}}]},"11":{"type":"branch","line":42,"loc":{"start":{"line":42,"column":2},"end":{"line":167,"column":11}},"locations":[{"start":{"line":42,"column":2},"end":{"line":167,"column":11}}]},"12":{"type":"branch","line":167,"loc":{"start":{"line":167,"column":11},"end":{"line":169,"column":3}},"locations":[{"start":{"line":167,"column":11},"end":{"line":169,"column":3}}]},"13":{"type":"branch","line":45,"loc":{"start":{"line":45,"column":35},"end":{"line":45,"column":77}},"locations":[{"start":{"line":45,"column":35},"end":{"line":45,"column":77}}]},"14":{"type":"branch","line":48,"loc":{"start":{"line":48,"column":31},"end":{"line":48,"column":60}},"locations":[{"start":{"line":48,"column":31},"end":{"line":48,"column":60}}]},"15":{"type":"branch","line":49,"loc":{"start":{"line":49,"column":31},"end":{"line":49,"column":59}},"locations":[{"start":{"line":49,"column":31},"end":{"line":49,"column":59}}]},"16":{"type":"branch","line":52,"loc":{"start":{"line":52,"column":17},"end":{"line":57,"column":3}},"locations":[{"start":{"line":52,"column":17},"end":{"line":57,"column":3}}]},"17":{"type":"branch","line":60,"loc":{"start":{"line":60,"column":37},"end":{"line":64,"column":3}},"locations":[{"start":{"line":60,"column":37},"end":{"line":64,"column":3}}]},"18":{"type":"branch","line":62,"loc":{"start":{"line":62,"column":35},"end":{"line":62,"column":53}},"locations":[{"start":{"line":62,"column":35},"end":{"line":62,"column":53}}]},"19":{"type":"branch","line":67,"loc":{"start":{"line":67,"column":33},"end":{"line":71,"column":3}},"locations":[{"start":{"line":67,"column":33},"end":{"line":71,"column":3}}]},"20":{"type":"branch","line":69,"loc":{"start":{"line":69,"column":35},"end":{"line":69,"column":53}},"locations":[{"start":{"line":69,"column":35},"end":{"line":69,"column":53}}]},"21":{"type":"branch","line":201,"loc":{"start":{"line":201,"column":22},"end":{"line":201,"column":39}},"locations":[{"start":{"line":201,"column":22},"end":{"line":201,"column":39}}]},"22":{"type":"branch","line":201,"loc":{"start":{"line":201,"column":28},"end":{"line":201,"column":39}},"locations":[{"start":{"line":201,"column":28},"end":{"line":201,"column":39}}]},"23":{"type":"branch","line":178,"loc":{"start":{"line":178,"column":19},"end":{"line":178,"column":20}},"locations":[{"start":{"line":178,"column":19},"end":{"line":178,"column":20}}]},"24":{"type":"branch","line":178,"loc":{"start":{"line":178,"column":19},"end":{"line":178,"column":20}},"locations":[{"start":{"line":178,"column":19},"end":{"line":178,"column":20}}]},"25":{"type":"branch","line":174,"loc":{"start":{"line":174,"column":13},"end":{"line":174,"column":14}},"locations":[{"start":{"line":174,"column":13},"end":{"line":174,"column":14}}]},"26":{"type":"branch","line":174,"loc":{"start":{"line":174,"column":13},"end":{"line":174,"column":14}},"locations":[{"start":{"line":174,"column":13},"end":{"line":174,"column":14}}]}},"b":{"0":[24],"1":[25],"2":[25],"3":[17],"4":[29],"5":[20],"6":[20],"7":[10],"8":[1],"9":[19],"10":[0],"11":[19],"12":[18],"13":[259],"14":[100],"15":[100],"16":[200],"17":[100],"18":[0],"19":[100],"20":[0],"21":[38],"22":[38],"23":[5],"24":[19],"25":[4],"26":[22]},"fnMap":{"0":{"name":"hexToRgba","decl":{"start":{"line":52,"column":17},"end":{"line":57,"column":3}},"loc":{"start":{"line":52,"column":17},"end":{"line":57,"column":3}},"line":52},"1":{"name":"label","decl":{"start":{"line":103,"column":7},"end":{"line":115,"column":9}},"loc":{"start":{"line":103,"column":7},"end":{"line":115,"column":9}},"line":103},"2":{"name":"callback","decl":{"start":{"line":125,"column":7},"end":{"line":134,"column":9}},"loc":{"start":{"line":125,"column":7},"end":{"line":134,"column":9}},"line":125}},"f":{"0":200,"1":0,"2":0}}
,"/home/dwalleck/repos/mental-health-bar-rs/src/lib/components/charts/AssessmentChart.svelte": {"path":"/home/dwalleck/repos/mental-health-bar-rs/src/lib/components/charts/AssessmentChart.svelte","all":false,"statementMap":{"0":{"start":{"line":1,"column":0},"end":{"line":1,"column":18}},"13":{"start":{"line":14,"column":0},"end":{"line":14,"column":48}},"15":{"start":{"line":16,"column":0},"end":{"line":16,"column":41}},"16":{"start":{"line":17,"column":0},"end":{"line":17,"column":31}},"19":{"start":{"line":20,"column":0},"end":{"line":20,"column":96}},"21":{"start":{"line":22,"column":0},"end":{"line":22,"column":16}},"22":{"start":{"line":23,"column":0},"end":{"line":23,"column":16}},"24":{"start":{"line":25,"column":0},"end":{"line":25,"column":15}},"25":{"start":{"line":26,"column":0},"end":{"line":26,"column":19}},"26":{"start":{"line":27,"column":0},"end":{"line":27,"column":4}},"27":{"start":{"line":28,"column":0},"end":{"line":28,"column":3}},"28":{"start":{"line":29,"column":0},"end":{"line":29,"column":3}},"31":{"start":{"line":32,"column":0},"end":{"line":32,"column":16}},"32":{"start":{"line":33,"column":0},"end":{"line":33,"column":48}},"33":{"start":{"line":34,"column":0},"end":{"line":34,"column":15}},"34":{"start":{"line":35,"column":0},"end":{"line":35,"column":19}},"35":{"start":{"line":36,"column":0},"end":{"line":36,"column":16}},"36":{"start":{"line":37,"column":0},"end":{"line":37,"column":4}},"38":{"start":{"line":39,"column":0},"end":{"line":39,"column":3}},"41":{"start":{"line":42,"column":0},"end":{"line":42,"column":14}},"42":{"start":{"line":43,"column":0},"end":{"line":43,"column":18}},"43":{"start":{"line":44,"column":0},"end":{"line":44,"column":3}},"46":{"start":{"line":47,"column":0},"end":{"line":47,"column":50}},"47":{"start":{"line":48,"column":0},"end":{"line":48,"column":41}},"48":{"start":{"line":49,"column":0},"end":{"line":49,"column":78}},"49":{"start":{"line":50,"column":0},"end":{"line":50,"column":4}},"51":{"start":{"line":52,"column":0},"end":{"line":52,"column":61}},"58":{"start":{"line":59,"column":0},"end":{"line":59,"column":45}},"59":{"start":{"line":60,"column":0},"end":{"line":60,"column":49}},"60":{"start":{"line":61,"column":0},"end":{"line":61,"column":39}},"61":{"start":{"line":62,"column":0},"end":{"line":62,"column":26}},"62":{"start":{"line":63,"column":0},"end":{"line":63,"column":26}},"63":{"start":{"line":64,"column":0},"end":{"line":64,"column":26}},"64":{"start":{"line":65,"column":0},"end":{"line":65,"column":33}},"65":{"start":{"line":66,"column":0},"end":{"line":66,"column":19}},"66":{"start":{"line":67,"column":0},"end":{"line":67,"column":23}},"67":{"start":{"line":68,"column":0},"end":{"line":68,"column":12}},"68":{"start":{"line":69,"column":0},"end":{"line":69,"column":19}},"69":{"start":{"line":70,"column":0},"end":{"line":70,"column":30}},"70":{"start":{"line":71,"column":0},"end":{"line":71,"column":32}},"71":{"start":{"line":72,"column":0},"end":{"line":72,"column":38}},"72":{"start":{"line":73,"column":0},"end":{"line":73,"column":19}},"73":{"start":{"line":74,"column":0},"end":{"line":74,"column":16}},"74":{"start":{"line":75,"column":0},"end":{"line":75,"column":12}},"75":{"start":{"line":76,"column":0},"end":{"line":76,"column":15}},"76":{"start":{"line":77,"column":0},"end":{"line":77,"column":30}},"80":{"start":{"line":81,"column":0},"end":{"line":81,"column":4}},"83":{"start":{"line":84,"column":0},"end":{"line":84,"column":46}},"84":{"start":{"line":85,"column":0},"end":{"line":85,"column":16}},"85":{"start":{"line":86,"column":0},"end":{"line":86,"column":10}},"86":{"start":{"line":87,"column":0},"end":{"line":87,"column":11}},"87":{"start":{"line":88,"column":0},"end":{"line":88,"column":15}},"89":{"start":{"line":90,"column":0},"end":{"line":90,"column":50}},"90":{"start":{"line":91,"column":0},"end":{"line":91,"column":19}},"91":{"start":{"line":92,"column":0},"end":{"line":92,"column":29}},"92":{"start":{"line":93,"column":0},"end":{"line":93,"column":49}},"93":{"start":{"line":94,"column":0},"end":{"line":94,"column":21}},"94":{"start":{"line":95,"column":0},"end":{"line":95,"column":17}},"95":{"start":{"line":96,"column":0},"end":{"line":96,"column":19}},"96":{"start":{"line":97,"column":0},"end":{"line":97,"column":21}},"97":{"start":{"line":98,"column":0},"end":{"line":98,"column":26}},"98":{"start":{"line":99,"column":0},"end":{"line":99,"column":38}},"99":{"start":{"line":100,"column":0},"end":{"line":100,"column":31}},"100":{"start":{"line":101,"column":0},"end":{"line":101,"column":26}},"104":{"start":{"line":105,"column":0},"end":{"line":105,"column":13}},"105":{"start":{"line":106,"column":0},"end":{"line":106,"column":27}},"106":{"start":{"line":107,"column":0},"end":{"line":107,"column":14}},"107":{"start":{"line":108,"column":0},"end":{"line":108,"column":36}},"108":{"start":{"line":109,"column":0},"end":{"line":109,"column":13}},"109":{"start":{"line":110,"column":0},"end":{"line":110,"column":20}},"110":{"start":{"line":111,"column":0},"end":{"line":111,"column":50}},"111":{"start":{"line":112,"column":0},"end":{"line":112,"column":13}},"112":{"start":{"line":113,"column":0},"end":{"line":113,"column":16}},"113":{"start":{"line":114,"column":0},"end":{"line":114,"column":22}},"115":{"start":{"line":116,"column":0},"end":{"line":116,"column":18}},"117":{"start":{"line":118,"column":0},"end":{"line":118,"column":18}},"118":{"start":{"line":119,"column":0},"end":{"line":119,"column":18}},"121":{"start":{"line":122,"column":0},"end":{"line":122,"column":13}},"122":{"start":{"line":123,"column":0},"end":{"line":123,"column":9}},"123":{"start":{"line":124,"column":0},"end":{"line":124,"column":39}},"124":{"start":{"line":125,"column":0},"end":{"line":125,"column":42}},"125":{"start":{"line":126,"column":0},"end":{"line":126,"column":42}},"126":{"start":{"line":127,"column":0},"end":{"line":127,"column":14}},"127":{"start":{"line":128,"column":0},"end":{"line":128,"column":21}},"128":{"start":{"line":129,"column":0},"end":{"line":129,"column":21}},"129":{"start":{"line":130,"column":0},"end":{"line":130,"column":14}},"130":{"start":{"line":131,"column":0},"end":{"line":131,"column":17}},"131":{"start":{"line":132,"column":0},"end":{"line":132,"column":23}},"135":{"start":{"line":136,"column":0},"end":{"line":136,"column":9}},"136":{"start":{"line":137,"column":0},"end":{"line":137,"column":39}},"137":{"start":{"line":138,"column":0},"end":{"line":138,"column":14}},"138":{"start":{"line":139,"column":0},"end":{"line":139,"column":21}},"139":{"start":{"line":140,"column":0},"end":{"line":140,"column":20}},"140":{"start":{"line":141,"column":0},"end":{"line":141,"column":14}},"141":{"start":{"line":142,"column":0},"end":{"line":142,"column":17}},"142":{"start":{"line":143,"column":0},"end":{"line":143,"column":23}},"151":{"start":{"line":152,"column":0},"end":{"line":152,"column":37}},"152":{"start":{"line":153,"column":0},"end":{"line":153,"column":12}},"153":{"start":{"line":154,"column":0},"end":{"line":154,"column":33}},"154":{"start":{"line":155,"column":0},"end":{"line":155,"column":3}},"155":{"start":{"line":156,"column":0},"end":{"line":156,"column":3}},"159":{"start":{"line":160,"column":0},"end":{"line":160,"column":14}},"162":{"start":{"line":163,"column":0},"end":{"line":163,"column":31}},"187":{"start":{"line":188,"column":0},"end":{"line":188,"column":39}}},"s":{"0":1,"13":1,"15":1,"16":1,"19":1,"21":1,"22":34,"24":34,"25":26,"26":26,"27":34,"28":1,"31":1,"32":40,"33":11,"34":1,"35":1,"36":1,"38":11,"41":40,"42":1,"43":1,"46":29,"47":112,"48":112,"49":29,"51":29,"58":29,"59":29,"60":104,"61":104,"62":104,"63":104,"64":104,"65":104,"66":104,"67":104,"68":104,"69":104,"70":104,"71":104,"72":104,"73":104,"74":104,"75":104,"76":104,"80":29,"83":29,"84":29,"85":29,"86":29,"87":29,"89":29,"90":29,"91":29,"92":29,"93":29,"94":29,"95":29,"96":29,"97":29,"98":29,"99":29,"100":29,"104":29,"105":29,"106":29,"107":29,"108":29,"109":29,"110":29,"111":29,"112":29,"113":29,"115":29,"117":29,"118":29,"121":29,"122":29,"123":40,"124":40,"125":40,"126":40,"127":40,"128":40,"129":40,"130":40,"131":40,"135":40,"136":40,"137":40,"138":40,"139":40,"140":40,"141":40,"142":40,"151":40,"152":40,"153":28,"154":28,"155":1,"159":1,"162":1,"187":1},"branchMap":{"0":{"type":"branch","line":20,"loc":{"start":{"line":20,"column":26},"end":{"line":20,"column":95}},"locations":[{"start":{"line":20,"column":26},"end":{"line":20,"column":95}}]},"1":{"type":"branch","line":20,"loc":{"start":{"line":20,"column":26},"end":{"line":20,"column":64}},"locations":[{"start":{"line":20,"column":26},"end":{"line":20,"column":64}}]},"2":{"type":"branch","line":20,"loc":{"start":{"line":20,"column":64},"end":{"line":20,"column":95}},"locations":[{"start":{"line":20,"column":64},"end":{"line":20,"column":95}}]},"3":{"type":"branch","line":22,"loc":{"start":{"line":22,"column":8},"end":{"line":29,"column":2}},"locations":[{"start":{"line":22,"column":8},"end":{"line":29,"column":2}}]},"4":{"type":"branch","line":23,"loc":{"start":{"line":23,"column":15},"end":{"line":28,"column":3}},"locations":[{"start":{"line":23,"column":15},"end":{"line":28,"column":3}}]},"5":{"type":"branch","line":25,"loc":{"start":{"line":25,"column":14},"end":{"line":27,"column":4}},"locations":[{"start":{"line":25,"column":14},"end":{"line":27,"column":4}}]},"6":{"type":"branch","line":32,"loc":{"start":{"line":32,"column":8},"end":{"line":156,"column":2}},"locations":[{"start":{"line":32,"column":8},"end":{"line":156,"column":2}}]},"7":{"type":"branch","line":33,"loc":{"start":{"line":33,"column":13},"end":{"line":33,"column":26}},"locations":[{"start":{"line":33,"column":13},"end":{"line":33,"column":26}}]},"8":{"type":"branch","line":33,"loc":{"start":{"line":33,"column":13},"end":{"line":33,"column":47}},"locations":[{"start":{"line":33,"column":13},"end":{"line":33,"column":47}}]},"9":{"type":"branch","line":33,"loc":{"start":{"line":33,"column":47},"end":{"line":39,"column":3}},"locations":[{"start":{"line":33,"column":47},"end":{"line":39,"column":3}}]},"10":{"type":"branch","line":34,"loc":{"start":{"line":34,"column":14},"end":{"line":37,"column":4}},"locations":[{"start":{"line":34,"column":14},"end":{"line":37,"column":4}}]},"11":{"type":"branch","line":39,"loc":{"start":{"line":39,"column":2},"end":{"line":42,"column":13}},"locations":[{"start":{"line":39,"column":2},"end":{"line":42,"column":13}}]},"12":{"type":"branch","line":42,"loc":{"start":{"line":42,"column":13},"end":{"line":44,"column":3}},"locations":[{"start":{"line":42,"column":13},"end":{"line":44,"column":3}}]},"13":{"type":"branch","line":44,"loc":{"start":{"line":44,"column":2},"end":{"line":124,"column":38}},"locations":[{"start":{"line":44,"column":2},"end":{"line":124,"column":38}}]},"14":{"type":"branch","line":137,"loc":{"start":{"line":137,"column":35},"end":{"line":137,"column":38}},"locations":[{"start":{"line":137,"column":35},"end":{"line":137,"column":38}}]},"15":{"type":"branch","line":153,"loc":{"start":{"line":153,"column":11},"end":{"line":155,"column":3}},"locations":[{"start":{"line":153,"column":11},"end":{"line":155,"column":3}}]},"16":{"type":"branch","line":47,"loc":{"start":{"line":47,"column":37},"end":{"line":50,"column":3}},"locations":[{"start":{"line":47,"column":37},"end":{"line":50,"column":3}}]},"17":{"type":"branch","line":52,"loc":{"start":{"line":52,"column":37},"end":{"line":52,"column":60}},"locations":[{"start":{"line":52,"column":37},"end":{"line":52,"column":60}}]},"18":{"type":"branch","line":60,"loc":{"start":{"line":60,"column":25},"end":{"line":81,"column":3}},"locations":[{"start":{"line":60,"column":25},"end":{"line":81,"column":3}}]},"19":{"type":"branch","line":188,"loc":{"start":{"line":188,"column":22},"end":{"line":188,"column":39}},"locations":[{"start":{"line":188,"column":22},"end":{"line":188,"column":39}}]},"20":{"type":"branch","line":188,"loc":{"start":{"line":188,"column":28},"end":{"line":188,"column":39}},"locations":[{"start":{"line":188,"column":28},"end":{"line":188,"column":39}}]},"21":{"type":"branch","line":163,"loc":{"start":{"line":163,"column":30},"end":{"line":163,"column":31}},"locations":[{"start":{"line":163,"column":30},"end":{"line":163,"column":31}}]},"22":{"type":"branch","line":163,"loc":{"start":{"line":163,"column":30},"end":{"line":163,"column":31}},"locations":[{"start":{"line":163,"column":30},"end":{"line":163,"column":31}}]},"23":{"type":"branch","line":160,"loc":{"start":{"line":160,"column":13},"end":{"line":160,"column":14}},"locations":[{"start":{"line":160,"column":13},"end":{"line":160,"column":14}}]},"24":{"type":"branch","line":160,"loc":{"start":{"line":160,"column":13},"end":{"line":160,"column":14}},"locations":[{"start":{"line":160,"column":13},"end":{"line":160,"column":14}}]}},"b":{"0":[36],"1":[31],"2":[31],"3":[34],"4":[34],"5":[26],"6":[40],"7":[30],"8":[29],"9":[11],"10":[1],"11":[29],"12":[1],"13":[29],"14":[29],"15":[28],"16":[112],"17":[112],"18":[104],"19":[56],"20":[56],"21":[7],"22":[28],"23":[3],"24":[32]},"fnMap":{},"f":{}}
,"/home/dwalleck/repos/mental-health-bar-rs/src/lib/components/charts/ChartStatistics.svelte": {"path":"/home/dwalleck/repos/mental-health-bar-rs/src/lib/components/charts/ChartStatistics.svelte","all":false,"statementMap":{"0":{"start":{"line":1,"column":0},"end":{"line":1,"column":18}},"9":{"start":{"line":10,"column":0},"end":{"line":10,"column":59}},"11":{"start":{"line":12,"column":0},"end":{"line":12,"column":47}},"12":{"start":{"line":13,"column":0},"end":{"line":13,"column":18}},"13":{"start":{"line":14,"column":0},"end":{"line":14,"column":20}},"14":{"start":{"line":15,"column":0},"end":{"line":15,"column":70}},"15":{"start":{"line":16,"column":0},"end":{"line":16,"column":20}},"16":{"start":{"line":17,"column":0},"end":{"line":17,"column":44}},"17":{"start":{"line":18,"column":0},"end":{"line":18,"column":17}},"18":{"start":{"line":19,"column":0},"end":{"line":19,"column":25}},"20":{"start":{"line":21,"column":0},"end":{"line":21,"column":13}},"22":{"start":{"line":23,"column":0},"end":{"line":23,"column":2}},"24":{"start":{"line":25,"column":0},"end":{"line":25,"column":48}},"25":{"start":{"line":26,"column":0},"end":{"line":26,"column":18}},"26":{"start":{"line":27,"column":0},"end":{"line":27,"column":20}},"27":{"start":{"line":28,"column":0},"end":{"line":28,"column":27}},"28":{"start":{"line":29,"column":0},"end":{"line":29,"column":20}},"29":{"start":{"line":30,"column":0},"end":{"line":30,"column":25}},"30":{"start":{"line":31,"column":0},"end":{"line":31,"column":17}},"31":{"start":{"line":32,"column":0},"end":{"line":32,"column":26}},"33":{"start":{"line":34,"column":0},"end":{"line":34,"column":26}},"35":{"start":{"line":36,"column":0},"end":{"line":36,"column":2}},"37":{"start":{"line":38,"column":0},"end":{"line":38,"column":48}},"38":{"start":{"line":39,"column":0},"end":{"line":39,"column":55}},"39":{"start":{"line":40,"column":0},"end":{"line":40,"column":2}},"43":{"start":{"line":44,"column":0},"end":{"line":44,"column":66}},"48":{"start":{"line":49,"column":0},"end":{"line":49,"column":78}},"53":{"start":{"line":54,"column":0},"end":{"line":54,"column":78}},"58":{"start":{"line":59,"column":0},"end":{"line":59,"column":82}},"63":{"start":{"line":64,"column":0},"end":{"line":64,"column":81}},"69":{"start":{"line":70,"column":0},"end":{"line":70,"column":65}},"72":{"start":{"line":73,"column":0},"end":{"line":73,"column":71}},"73":{"start":{"line":74,"column":0},"end":{"line":74,"column":38}}},"s":{"0":1,"9":1,"11":1,"12":18,"13":18,"14":10,"15":18,"16":18,"17":18,"18":18,"20":18,"22":18,"24":1,"25":18,"26":18,"27":10,"28":18,"29":3,"30":18,"31":4,"33":18,"35":18,"37":1,"38":18,"39":18,"43":1,"48":1,"53":1,"58":1,"63":1,"69":1,"72":1,"73":1},"branchMap":{"0":{"type":"branch","line":12,"loc":{"start":{"line":12,"column":10},"end":{"line":23,"column":2}},"locations":[{"start":{"line":12,"column":10},"end":{"line":23,"column":2}}]},"1":{"type":"branch","line":14,"loc":{"start":{"line":14,"column":8},"end":{"line":15,"column":70}},"locations":[{"start":{"line":14,"column":8},"end":{"line":15,"column":70}}]},"2":{"type":"branch","line":25,"loc":{"start":{"line":25,"column":10},"end":{"line":36,"column":2}},"locations":[{"start":{"line":25,"column":10},"end":{"line":36,"column":2}}]},"3":{"type":"branch","line":27,"loc":{"start":{"line":27,"column":8},"end":{"line":28,"column":27}},"locations":[{"start":{"line":27,"column":8},"end":{"line":28,"column":27}}]},"4":{"type":"branch","line":29,"loc":{"start":{"line":29,"column":8},"end":{"line":30,"column":25}},"locations":[{"start":{"line":29,"column":8},"end":{"line":30,"column":25}}]},"5":{"type":"branch","line":31,"loc":{"start":{"line":31,"column":8},"end":{"line":32,"column":26}},"locations":[{"start":{"line":31,"column":8},"end":{"line":32,"column":26}}]},"6":{"type":"branch","line":38,"loc":{"start":{"line":38,"column":10},"end":{"line":40,"column":2}},"locations":[{"start":{"line":38,"column":10},"end":{"line":40,"column":2}}]},"7":{"type":"branch","line":49,"loc":{"start":{"line":49,"column":59},"end":{"line":49,"column":78}},"locations":[{"start":{"line":49,"column":59},"end":{"line":49,"column":78}}]},"8":{"type":"branch","line":54,"loc":{"start":{"line":54,"column":59},"end":{"line":54,"column":78}},"locations":[{"start":{"line":54,"column":59},"end":{"line":54,"column":78}}]},"9":{"type":"branch","line":59,"loc":{"start":{"line":59,"column":59},"end":{"line":59,"column":82}},"locations":[{"start":{"line":59,"column":59},"end":{"line":59,"column":82}}]},"10":{"type":"branch","line":70,"loc":{"start":{"line":70,"column":27},"end":{"line":70,"column":65}},"locations":[{"start":{"line":70,"column":27},"end":{"line":70,"column":65}}]},"11":{"type":"branch","line":73,"loc":{"start":{"line":73,"column":37},"end":{"line":73,"column":71}},"locations":[{"start":{"line":73,"column":37},"end":{"line":73,"column":71}}]},"12":{"type":"branch","line":74,"loc":{"start":{"line":74,"column":6},"end":{"line":74,"column":38}},"locations":[{"start":{"line":74,"column":6},"end":{"line":74,"column":38}}]}},"b":{"0":[18],"1":[10],"2":[18],"3":[10],"4":[3],"5":[4],"6":[18],"7":[18],"8":[18],"9":[18],"10":[18],"11":[18],"12":[18]},"fnMap":{"0":{"name":"getTrendIcon","decl":{"start":{"line":12,"column":10},"end":{"line":23,"column":2}},"loc":{"start":{"line":12,"column":10},"end":{"line":23,"column":2}},"line":12},"1":{"name":"getTrendColor","decl":{"start":{"line":25,"column":10},"end":{"line":36,"column":2}},"loc":{"start":{"line":25,"column":10},"end":{"line":36,"column":2}},"line":25},"2":{"name":"getTrendLabel","decl":{"start":{"line":38,"column":10},"end":{"line":40,"column":2}},"loc":{"start":{"line":38,"column":10},"end":{"line":40,"column":2}},"line":38}},"f":{"0":18,"1":18,"2":18}}
,"/home/dwalleck/repos/mental-health-bar-rs/src/lib/components/charts/MoodChart.svelte": {"path":"/home/dwalleck/repos/mental-health-bar-rs/src/lib/components/charts/MoodChart.svelte","all":false,"statementMap":{"0":{"start":{"line":1,"column":0},"end":{"line":1,"column":18}},"13":{"start":{"line":14,"column":0},"end":{"line":14,"column":48}},"15":{"start":{"line":16,"column":0},"end":{"line":16,"column":41}},"16":{"start":{"line":17,"column":0},"end":{"line":17,"column":31}},"19":{"start":{"line":20,"column":0},"end":{"line":20,"column":96}},"21":{"start":{"line":22,"column":0},"end":{"line":22,"column":16}},"22":{"start":{"line":23,"column":0},"end":{"line":23,"column":16}},"24":{"start":{"line":25,"column":0},"end":{"line":25,"column":15}},"25":{"start":{"line":26,"column":0},"end":{"line":26,"column":19}},"26":{"start":{"line":27,"column":0},"end":{"line":27,"column":4}},"27":{"start":{"line":28,"column":0},"end":{"line":28,"column":3}},"28":{"start":{"line":29,"column":0},"end":{"line":29,"column":3}},"31":{"start":{"line":32,"column":0},"end":{"line":32,"column":16}},"32":{"start":{"line":33,"column":0},"end":{"line":33,"column":48}},"33":{"start":{"line":34,"column":0},"end":{"line":34,"column":15}},"34":{"start":{"line":35,"column":0},"end":{"line":35,"column":19}},"35":{"start":{"line":36,"column":0},"end":{"line":36,"column":16}},"36":{"start":{"line":37,"column":0},"end":{"line":37,"column":4}},"38":{"start":{"line":39,"column":0},"end":{"line":39,"column":3}},"41":{"start":{"line":42,"column":0},"end":{"line":42,"column":14}},"42":{"start":{"line":43,"column":0},"end":{"line":43,"column":18}},"43":{"start":{"line":44,"column":0},"end":{"line":44,"column":3}},"46":{"start":{"line":47,"column":0},"end":{"line":47,"column":50}},"47":{"start":{"line":48,"column":0},"end":{"line":48,"column":41}},"48":{"start":{"line":49,"column":0},"end":{"line":49,"column":44}},"49":{"start":{"line":50,"column":0},"end":{"line":50,"column":19}},"50":{"start":{"line":51,"column":0},"end":{"line":51,"column":19}},"51":{"start":{"line":52,"column":0},"end":{"line":52,"column":20}},"52":{"start":{"line":53,"column":0},"end":{"line":53,"column":22}},"54":{"start":{"line":55,"column":0},"end":{"line":55,"column":4}},"56":{"start":{"line":57,"column":0},"end":{"line":57,"column":61}},"59":{"start":{"line":60,"column":0},"end":{"line":60,"column":50}},"60":{"start":{"line":61,"column":0},"end":{"line":61,"column":54}},"61":{"start":{"line":62,"column":0},"end":{"line":62,"column":43}},"62":{"start":{"line":63,"column":0},"end":{"line":63,"column":4}},"65":{"start":{"line":66,"column":0},"end":{"line":66,"column":46}},"66":{"start":{"line":67,"column":0},"end":{"line":67,"column":16}},"67":{"start":{"line":68,"column":0},"end":{"line":68,"column":10}},"68":{"start":{"line":69,"column":0},"end":{"line":69,"column":11}},"69":{"start":{"line":70,"column":0},"end":{"line":70,"column":15}},"71":{"start":{"line":72,"column":0},"end":{"line":72,"column":27}},"72":{"start":{"line":73,"column":0},"end":{"line":73,"column":19}},"73":{"start":{"line":74,"column":0},"end":{"line":74,"column":29}},"74":{"start":{"line":75,"column":0},"end":{"line":75,"column":49}},"75":{"start":{"line":76,"column":0},"end":{"line":76,"column":21}},"76":{"start":{"line":77,"column":0},"end":{"line":77,"column":17}},"77":{"start":{"line":78,"column":0},"end":{"line":78,"column":19}},"78":{"start":{"line":79,"column":0},"end":{"line":79,"column":21}},"79":{"start":{"line":80,"column":0},"end":{"line":80,"column":26}},"80":{"start":{"line":81,"column":0},"end":{"line":81,"column":45}},"81":{"start":{"line":82,"column":0},"end":{"line":82,"column":31}},"82":{"start":{"line":83,"column":0},"end":{"line":83,"column":26}},"86":{"start":{"line":87,"column":0},"end":{"line":87,"column":13}},"87":{"start":{"line":88,"column":0},"end":{"line":88,"column":27}},"88":{"start":{"line":89,"column":0},"end":{"line":89,"column":14}},"89":{"start":{"line":90,"column":0},"end":{"line":90,"column":36}},"90":{"start":{"line":91,"column":0},"end":{"line":91,"column":13}},"91":{"start":{"line":92,"column":0},"end":{"line":92,"column":20}},"92":{"start":{"line":93,"column":0},"end":{"line":93,"column":26}},"93":{"start":{"line":94,"column":0},"end":{"line":94,"column":13}},"94":{"start":{"line":95,"column":0},"end":{"line":95,"column":16}},"95":{"start":{"line":96,"column":0},"end":{"line":96,"column":22}},"97":{"start":{"line":98,"column":0},"end":{"line":98,"column":18}},"99":{"start":{"line":100,"column":0},"end":{"line":100,"column":15}},"100":{"start":{"line":101,"column":0},"end":{"line":101,"column":46}},"101":{"start":{"line":102,"column":0},"end":{"line":102,"column":18}},"102":{"start":{"line":103,"column":0},"end":{"line":103,"column":34}},"103":{"start":{"line":104,"column":0},"end":{"line":104,"column":38}},"104":{"start":{"line":105,"column":0},"end":{"line":105,"column":44}},"105":{"start":{"line":106,"column":0},"end":{"line":106,"column":28}},"106":{"start":{"line":107,"column":0},"end":{"line":107,"column":23}},"107":{"start":{"line":108,"column":0},"end":{"line":108,"column":18}},"108":{"start":{"line":109,"column":0},"end":{"line":109,"column":22}},"109":{"start":{"line":110,"column":0},"end":{"line":110,"column":19}},"110":{"start":{"line":111,"column":0},"end":{"line":111,"column":24}},"112":{"start":{"line":113,"column":0},"end":{"line":113,"column":59}},"113":{"start":{"line":114,"column":0},"end":{"line":114,"column":73}},"114":{"start":{"line":115,"column":0},"end":{"line":115,"column":9}},"118":{"start":{"line":119,"column":0},"end":{"line":119,"column":13}},"119":{"start":{"line":120,"column":0},"end":{"line":120,"column":9}},"120":{"start":{"line":121,"column":0},"end":{"line":121,"column":39}},"121":{"start":{"line":122,"column":0},"end":{"line":122,"column":13}},"122":{"start":{"line":123,"column":0},"end":{"line":123,"column":13}},"123":{"start":{"line":124,"column":0},"end":{"line":124,"column":14}},"124":{"start":{"line":125,"column":0},"end":{"line":125,"column":19}},"125":{"start":{"line":126,"column":0},"end":{"line":126,"column":35}},"126":{"start":{"line":127,"column":0},"end":{"line":127,"column":82}},"127":{"start":{"line":128,"column":0},"end":{"line":128,"column":51}},"128":{"start":{"line":129,"column":0},"end":{"line":129,"column":9}},"130":{"start":{"line":131,"column":0},"end":{"line":131,"column":14}},"131":{"start":{"line":132,"column":0},"end":{"line":132,"column":21}},"132":{"start":{"line":133,"column":0},"end":{"line":133,"column":27}},"133":{"start":{"line":134,"column":0},"end":{"line":134,"column":14}},"134":{"start":{"line":135,"column":0},"end":{"line":135,"column":17}},"135":{"start":{"line":136,"column":0},"end":{"line":136,"column":23}},"139":{"start":{"line":140,"column":0},"end":{"line":140,"column":9}},"140":{"start":{"line":141,"column":0},"end":{"line":141,"column":39}},"141":{"start":{"line":142,"column":0},"end":{"line":142,"column":14}},"142":{"start":{"line":143,"column":0},"end":{"line":143,"column":21}},"143":{"start":{"line":144,"column":0},"end":{"line":144,"column":27}},"144":{"start":{"line":145,"column":0},"end":{"line":145,"column":14}},"145":{"start":{"line":146,"column":0},"end":{"line":146,"column":17}},"146":{"start":{"line":147,"column":0},"end":{"line":147,"column":23}},"155":{"start":{"line":156,"column":0},"end":{"line":156,"column":37}},"156":{"start":{"line":157,"column":0},"end":{"line":157,"column":12}},"157":{"start":{"line":158,"column":0},"end":{"line":158,"column":33}},"158":{"start":{"line":159,"column":0},"end":{"line":159,"column":3}},"159":{"start":{"line":160,"column":0},"end":{"line":160,"column":3}},"163":{"start":{"line":164,"column":0},"end":{"line":164,"column":14}},"166":{"start":{"line":167,"column":0},"end":{"line":167,"column":31}},"191":{"start":{"line":192,"column":0},"end":{"line":192,"column":39}}},"s":{"0":1,"13":1,"15":1,"16":1,"19":1,"21":1,"22":25,"24":25,"25":15,"26":15,"27":25,"28":1,"31":1,"32":29,"33":12,"34":1,"35":1,"36":1,"38":12,"41":29,"42":0,"43":0,"46":17,"47":49,"48":49,"49":49,"50":49,"51":49,"52":49,"54":17,"56":17,"59":17,"60":49,"61":49,"62":17,"65":17,"66":17,"67":17,"68":17,"69":17,"71":17,"72":17,"73":17,"74":17,"75":17,"76":17,"77":17,"78":17,"79":17,"80":17,"81":17,"82":17,"86":17,"87":17,"88":17,"89":17,"90":17,"91":17,"92":17,"93":17,"94":17,"95":17,"97":17,"99":17,"100":29,"101":29,"102":29,"103":0,"104":0,"105":0,"106":0,"107":0,"108":0,"109":0,"110":0,"112":0,"113":0,"114":0,"118":29,"119":29,"120":29,"121":29,"122":29,"123":29,"124":29,"125":29,"126":0,"127":0,"128":0,"130":29,"131":29,"132":29,"133":29,"134":29,"135":29,"139":29,"140":29,"141":29,"142":29,"143":29,"144":29,"145":29,"146":29,"155":29,"156":29,"157":16,"158":16,"159":1,"163":1,"166":1,"191":1},"branchMap":{"0":{"type":"branch","line":20,"loc":{"start":{"line":20,"column":26},"end":{"line":20,"column":95}},"locations":[{"start":{"line":20,"column":26},"end":{"line":20,"column":95}}]},"1":{"type":"branch","line":20,"loc":{"start":{"line":20,"column":26},"end":{"line":20,"column":64}},"locations":[{"start":{"line":20,"column":26},"end":{"line":20,"column":64}}]},"2":{"type":"branch","line":20,"loc":{"start":{"line":20,"column":64},"end":{"line":20,"column":95}},"locations":[{"start":{"line":20,"column":64},"end":{"line":20,"column":95}}]},"3":{"type":"branch","line":22,"loc":{"start":{"line":22,"column":8},"end":{"line":29,"column":2}},"locations":[{"start":{"line":22,"column":8},"end":{"line":29,"column":2}}]},"4":{"type":"branch","line":23,"loc":{"start":{"line":23,"column":15},"end":{"line":28,"column":3}},"locations":[{"start":{"line":23,"column":15},"end":{"line":28,"column":3}}]},"5":{"type":"branch","line":25,"loc":{"start":{"line":25,"column":14},"end":{"line":27,"column":4}},"locations":[{"start":{"line":25,"column":14},"end":{"line":27,"column":4}}]},"6":{"type":"branch","line":32,"loc":{"start":{"line":32,"column":8},"end":{"line":160,"column":2}},"locations":[{"start":{"line":32,"column":8},"end":{"line":160,"column":2}}]},"7":{"type":"branch","line":33,"loc":{"start":{"line":33,"column":13},"end":{"line":33,"column":26}},"locations":[{"start":{"line":33,"column":13},"end":{"line":33,"column":26}}]},"8":{"type":"branch","line":33,"loc":{"start":{"line":33,"column":13},"end":{"line":33,"column":47}},"locations":[{"start":{"line":33,"column":13},"end":{"line":33,"column":47}}]},"9":{"type":"branch","line":33,"loc":{"start":{"line":33,"column":47},"end":{"line":39,"column":3}},"locations":[{"start":{"line":33,"column":47},"end":{"line":39,"column":3}}]},"10":{"type":"branch","line":34,"loc":{"start":{"line":34,"column":14},"end":{"line":37,"column":4}},"locations":[{"start":{"line":34,"column":14},"end":{"line":37,"column":4}}]},"11":{"type":"branch","line":39,"loc":{"start":{"line":39,"column":2},"end":{"line":42,"column":13}},"locations":[{"start":{"line":39,"column":2},"end":{"line":42,"column":13}}]},"12":{"type":"branch","line":42,"loc":{"start":{"line":42,"column":13},"end":{"line":44,"column":3}},"locations":[{"start":{"line":42,"column":13},"end":{"line":44,"column":3}}]},"13":{"type":"branch","line":44,"loc":{"start":{"line":44,"column":2},"end":{"line":101,"column":45}},"locations":[{"start":{"line":44,"column":2},"end":{"line":101,"column":45}}]},"14":{"type":"branch","line":121,"loc":{"start":{"line":121,"column":35},"end":{"line":121,"column":38}},"locations":[{"start":{"line":121,"column":35},"end":{"line":121,"column":38}}]},"15":{"type":"branch","line":141,"loc":{"start":{"line":141,"column":35},"end":{"line":141,"column":38}},"locations":[{"start":{"line":141,"column":35},"end":{"line":141,"column":38}}]},"16":{"type":"branch","line":157,"loc":{"start":{"line":157,"column":11},"end":{"line":159,"column":3}},"locations":[{"start":{"line":157,"column":11},"end":{"line":159,"column":3}}]},"17":{"type":"branch","line":47,"loc":{"start":{"line":47,"column":37},"end":{"line":55,"column":3}},"locations":[{"start":{"line":47,"column":37},"end":{"line":55,"column":3}}]},"18":{"type":"branch","line":57,"loc":{"start":{"line":57,"column":37},"end":{"line":57,"column":60}},"locations":[{"start":{"line":57,"column":37},"end":{"line":57,"column":60}}]},"19":{"type":"branch","line":60,"loc":{"start":{"line":60,"column":37},"end":{"line":63,"column":3}},"locations":[{"start":{"line":60,"column":37},"end":{"line":63,"column":3}}]},"20":{"type":"branch","line":62,"loc":{"start":{"line":62,"column":25},"end":{"line":62,"column":43}},"locations":[{"start":{"line":62,"column":25},"end":{"line":62,"column":43}}]},"21":{"type":"branch","line":192,"loc":{"start":{"line":192,"column":22},"end":{"line":192,"column":39}},"locations":[{"start":{"line":192,"column":22},"end":{"line":192,"column":39}}]},"22":{"type":"branch","line":192,"loc":{"start":{"line":192,"column":28},"end":{"line":192,"column":39}},"locations":[{"start":{"line":192,"column":28},"end":{"line":192,"column":39}}]},"23":{"type":"branch","line":167,"loc":{"start":{"line":167,"column":30},"end":{"line":167,"column":31}},"locations":[{"start":{"line":167,"column":30},"end":{"line":167,"column":31}}]},"24":{"type":"branch","line":167,"loc":{"start":{"line":167,"column":30},"end":{"line":167,"column":31}},"locations":[{"start":{"line":167,"column":30},"end":{"line":167,"column":31}}]},"25":{"type":"branch","line":164,"loc":{"start":{"line":164,"column":13},"end":{"line":164,"column":14}},"locations":[{"start":{"line":164,"column":13},"end":{"line":164,"column":14}}]},"26":{"type":"branch","line":164,"loc":{"start":{"line":164,"column":13},"end":{"line":164,"column":14}},"locations":[{"start":{"line":164,"column":13},"end":{"line":164,"column":14}}]}},"b":{"0":[24],"1":[19],"2":[19],"3":[25],"4":[25],"5":[15],"6":[29],"7":[18],"8":[17],"9":[12],"10":[1],"11":[17],"12":[0],"13":[17],"14":[17],"15":[17],"16":[16],"17":[49],"18":[49],"19":[49],"20":[0],"21":[34],"22":[34],"23":[7],"24":[17],"25":[4],"26":[22]},"fnMap":{"0":{"name":"label","decl":{"start":{"line":103,"column":7},"end":{"line":115,"column":9}},"loc":{"start":{"line":103,"column":7},"end":{"line":115,"column":9}},"line":103},"1":{"name":"callback","decl":{"start":{"line":126,"column":7},"end":{"line":129,"column":9}},"loc":{"start":{"line":126,"column":7},"end":{"line":129,"column":9}},"line":126}},"f":{"0":0,"1":0}}
,"/home/dwalleck/repos/mental-health-bar-rs/src/lib/components/charts/TimeRangeSelector.svelte": {"path":"/home/dwalleck/repos/mental-health-bar-rs/src/lib/components/charts/TimeRangeSelector.svelte","all":false,"statementMap":{"0":{"start":{"line":1,"column":0},"end":{"line":1,"column":18}},"9":{"start":{"line":10,"column":0},"end":{"line":10,"column":65}},"11":{"start":{"line":12,"column":0},"end":{"line":12,"column":60}},"12":{"start":{"line":13,"column":0},"end":{"line":13,"column":40}},"13":{"start":{"line":14,"column":0},"end":{"line":14,"column":42}},"14":{"start":{"line":15,"column":0},"end":{"line":15,"column":47}},"15":{"start":{"line":16,"column":0},"end":{"line":16,"column":40}},"16":{"start":{"line":17,"column":0},"end":{"line":17,"column":42}},"19":{"start":{"line":20,"column":0},"end":{"line":20,"column":38}},"20":{"start":{"line":21,"column":0},"end":{"line":21,"column":50}},"21":{"start":{"line":22,"column":0},"end":{"line":22,"column":44}},"22":{"start":{"line":23,"column":0},"end":{"line":23,"column":21}},"23":{"start":{"line":24,"column":0},"end":{"line":24,"column":17}},"24":{"start":{"line":25,"column":0},"end":{"line":25,"column":21}},"25":{"start":{"line":26,"column":0},"end":{"line":26,"column":3}},"26":{"start":{"line":27,"column":0},"end":{"line":27,"column":2}},"33":{"start":{"line":34,"column":0},"end":{"line":34,"column":18}},"34":{"start":{"line":35,"column":0},"end":{"line":35,"column":25}},"37":{"start":{"line":38,"column":0},"end":{"line":38,"column":43}},"38":{"start":{"line":39,"column":0},"end":{"line":39,"column":53}}},"s":{"0":1,"9":1,"11":1,"12":1,"13":1,"14":1,"15":1,"16":1,"19":1,"20":8,"21":8,"22":8,"23":8,"24":6,"25":6,"26":8,"33":1,"34":1,"37":1,"38":1},"branchMap":{"0":{"type":"branch","line":20,"loc":{"start":{"line":20,"column":10},"end":{"line":27,"column":2}},"locations":[{"start":{"line":20,"column":10},"end":{"line":27,"column":2}}]},"1":{"type":"branch","line":24,"loc":{"start":{"line":24,"column":16},"end":{"line":26,"column":3}},"locations":[{"start":{"line":24,"column":16},"end":{"line":26,"column":3}}]},"2":{"type":"branch","line":38,"loc":{"start":{"line":38,"column":9},"end":{"line":38,"column":19}},"locations":[{"start":{"line":38,"column":9},"end":{"line":38,"column":19}}]},"3":{"type":"branch","line":38,"loc":{"start":{"line":38,"column":19},"end":{"line":38,"column":41}},"locations":[{"start":{"line":38,"column":19},"end":{"line":38,"column":41}}]},"4":{"type":"branch","line":38,"loc":{"start":{"line":38,"column":9},"end":{"line":38,"column":19}},"locations":[{"start":{"line":38,"column":9},"end":{"line":38,"column":19}}]},"5":{"type":"branch","line":38,"loc":{"start":{"line":38,"column":19},"end":{"line":38,"column":41}},"locations":[{"start":{"line":38,"column":19},"end":{"line":38,"column":41}}]},"6":{"type":"branch","line":39,"loc":{"start":{"line":39,"column":29},"end":{"line":39,"column":32}},"locations":[{"start":{"line":39,"column":29},"end":{"line":39,"column":32}}]},"7":{"type":"branch","line":34,"loc":{"start":{"line":34,"column":17},"end":{"line":34,"column":18}},"locations":[{"start":{"line":34,"column":17},"end":{"line":34,"column":18}}]}},"b":{"0":[8],"1":[6],"2":[11],"3":[55],"4":[11],"5":[55],"6":[0],"7":[0]},"fnMap":{"0":{"name":"handleChange","decl":{"start":{"line":20,"column":10},"end":{"line":27,"column":2}},"loc":{"start":{"line":20,"column":10},"end":{"line":27,"column":2}},"line":20}},"f":{"0":8}}
,"/home/dwalleck/repos/mental-health-bar-rs/src/lib/components/dashboard/AssessmentScoreBar.svelte": {"path":"/home/dwalleck/repos/mental-health-bar-rs/src/lib/components/dashboard/AssessmentScoreBar.svelte","all":false,"statementMap":{"0":{"start":{"line":1,"column":0},"end":{"line":1,"column":18}},"22":{"start":{"line":23,"column":0},"end":{"line":23,"column":20}},"23":{"start":{"line":24,"column":0},"end":{"line":24,"column":19}},"27":{"start":{"line":28,"column":0},"end":{"line":28,"column":86}},"30":{"start":{"line":31,"column":0},"end":{"line":31,"column":77}},"33":{"start":{"line":34,"column":0},"end":{"line":34,"column":33}},"34":{"start":{"line":35,"column":0},"end":{"line":35,"column":80}},"38":{"start":{"line":39,"column":0},"end":{"line":39,"column":87}},"41":{"start":{"line":42,"column":0},"end":{"line":42,"column":28}},"42":{"start":{"line":43,"column":0},"end":{"line":43,"column":127}},"46":{"start":{"line":47,"column":0},"end":{"line":47,"column":58}},"47":{"start":{"line":48,"column":0},"end":{"line":48,"column":52}},"48":{"start":{"line":49,"column":0},"end":{"line":49,"column":2}},"51":{"start":{"line":52,"column":0},"end":{"line":52,"column":57}},"52":{"start":{"line":53,"column":0},"end":{"line":53,"column":70}},"53":{"start":{"line":54,"column":0},"end":{"line":54,"column":70}},"54":{"start":{"line":55,"column":0},"end":{"line":55,"column":55}},"55":{"start":{"line":56,"column":0},"end":{"line":56,"column":2}},"61":{"start":{"line":62,"column":0},"end":{"line":62,"column":74}},"62":{"start":{"line":63,"column":0},"end":{"line":63,"column":17}},"64":{"start":{"line":65,"column":0},"end":{"line":65,"column":47}},"73":{"start":{"line":74,"column":0},"end":{"line":74,"column":48}},"75":{"start":{"line":76,"column":0},"end":{"line":76,"column":95}},"76":{"start":{"line":77,"column":0},"end":{"line":77,"column":11}},"78":{"start":{"line":79,"column":0},"end":{"line":79,"column":46}},"79":{"start":{"line":80,"column":0},"end":{"line":80,"column":22}},"80":{"start":{"line":81,"column":0},"end":{"line":81,"column":35}},"87":{"start":{"line":88,"column":0},"end":{"line":88,"column":26}},"88":{"start":{"line":89,"column":0},"end":{"line":89,"column":32}},"89":{"start":{"line":90,"column":0},"end":{"line":90,"column":44}},"90":{"start":{"line":91,"column":0},"end":{"line":91,"column":44}},"91":{"start":{"line":92,"column":0},"end":{"line":92,"column":103}},"92":{"start":{"line":93,"column":0},"end":{"line":93,"column":32}},"97":{"start":{"line":98,"column":0},"end":{"line":98,"column":18}},"99":{"start":{"line":100,"column":0},"end":{"line":100,"column":49}},"101":{"start":{"line":102,"column":0},"end":{"line":102,"column":53}},"102":{"start":{"line":103,"column":0},"end":{"line":103,"column":38}},"103":{"start":{"line":104,"column":0},"end":{"line":104,"column":26}},"104":{"start":{"line":105,"column":0},"end":{"line":105,"column":36}},"107":{"start":{"line":108,"column":0},"end":{"line":108,"column":36}}},"s":{"0":1,"22":1,"23":1,"27":1,"30":1,"33":1,"34":65,"38":1,"41":1,"42":65,"46":1,"47":473,"48":473,"51":1,"52":473,"53":473,"54":473,"55":473,"61":1,"62":1,"64":1,"73":1,"75":1,"76":292,"78":292,"79":1,"80":1,"87":1,"88":1,"89":1,"90":1,"91":1,"92":1,"97":1,"99":1,"101":1,"102":181,"103":1,"104":1,"107":1},"branchMap":{"0":{"type":"branch","line":28,"loc":{"start":{"line":28,"column":19},"end":{"line":28,"column":86}},"locations":[{"start":{"line":28,"column":19},"end":{"line":28,"column":86}}]},"1":{"type":"branch","line":31,"loc":{"start":{"line":31,"column":17},"end":{"line":31,"column":76}},"locations":[{"start":{"line":31,"column":17},"end":{"line":31,"column":76}}]},"2":{"type":"branch","line":34,"loc":{"start":{"line":34,"column":21},"end":{"line":35,"column":80}},"locations":[{"start":{"line":34,"column":21},"end":{"line":35,"column":80}}]},"3":{"type":"branch","line":39,"loc":{"start":{"line":39,"column":27},"end":{"line":39,"column":87}},"locations":[{"start":{"line":39,"column":27},"end":{"line":39,"column":87}}]},"4":{"type":"branch","line":42,"loc":{"start":{"line":42,"column":16},"end":{"line":43,"column":127}},"locations":[{"start":{"line":42,"column":16},"end":{"line":43,"column":127}}]},"5":{"type":"branch","line":47,"loc":{"start":{"line":47,"column":10},"end":{"line":49,"column":2}},"locations":[{"start":{"line":47,"column":10},"end":{"line":49,"column":2}}]},"6":{"type":"branch","line":52,"loc":{"start":{"line":52,"column":10},"end":{"line":56,"column":2}},"locations":[{"start":{"line":52,"column":10},"end":{"line":56,"column":2}}]},"7":{"type":"branch","line":65,"loc":{"start":{"line":65,"column":5},"end":{"line":65,"column":47}},"locations":[{"start":{"line":65,"column":5},"end":{"line":65,"column":47}}]},"8":{"type":"branch","line":65,"loc":{"start":{"line":65,"column":17},"end":{"line":65,"column":37}},"locations":[{"start":{"line":65,"column":17},"end":{"line":65,"column":37}}]},"9":{"type":"branch","line":65,"loc":{"start":{"line":65,"column":46},"end":{"line":65,"column":47}},"locations":[{"start":{"line":65,"column":46},"end":{"line":65,"column":47}}]},"10":{"type":"branch","line":63,"loc":{"start":{"line":63,"column":16},"end":{"line":63,"column":17}},"locations":[{"start":{"line":63,"column":16},"end":{"line":63,"column":17}}]},"11":{"type":"branch","line":74,"loc":{"start":{"line":74,"column":10},"end":{"line":74,"column":28}},"locations":[{"start":{"line":74,"column":10},"end":{"line":74,"column":28}}]},"12":{"type":"branch","line":74,"loc":{"start":{"line":74,"column":24},"end":{"line":74,"column":46}},"locations":[{"start":{"line":74,"column":24},"end":{"line":74,"column":46}}]},"13":{"type":"branch","line":74,"loc":{"start":{"line":74,"column":10},"end":{"line":74,"column":28}},"locations":[{"start":{"line":74,"column":10},"end":{"line":74,"column":28}}]},"14":{"type":"branch","line":74,"loc":{"start":{"line":74,"column":24},"end":{"line":74,"column":46}},"locations":[{"start":{"line":74,"column":24},"end":{"line":74,"column":46}}]},"15":{"type":"branch","line":76,"loc":{"start":{"line":76,"column":76},"end":{"line":76,"column":79}},"locations":[{"start":{"line":76,"column":76},"end":{"line":76,"column":79}}]},"16":{"type":"branch","line":76,"loc":{"start":{"line":76,"column":76},"end":{"line":76,"column":79}},"locations":[{"start":{"line":76,"column":76},"end":{"line":76,"column":79}}]},"17":{"type":"branch","line":76,"loc":{"start":{"line":76,"column":79},"end":{"line":80,"column":20}},"locations":[{"start":{"line":76,"column":79},"end":{"line":80,"column":20}}]},"18":{"type":"branch","line":77,"loc":{"start":{"line":77,"column":6},"end":{"line":79,"column":45}},"locations":[{"start":{"line":77,"column":6},"end":{"line":79,"column":45}}]},"19":{"type":"branch","line":79,"loc":{"start":{"line":79,"column":45},"end":{"line":80,"column":20}},"locations":[{"start":{"line":79,"column":45},"end":{"line":80,"column":20}}]},"20":{"type":"branch","line":81,"loc":{"start":{"line":81,"column":12},"end":{"line":81,"column":35}},"locations":[{"start":{"line":81,"column":12},"end":{"line":81,"column":35}}]},"21":{"type":"branch","line":100,"loc":{"start":{"line":100,"column":11},"end":{"line":100,"column":29}},"locations":[{"start":{"line":100,"column":11},"end":{"line":100,"column":29}}]},"22":{"type":"branch","line":100,"loc":{"start":{"line":100,"column":25},"end":{"line":100,"column":47}},"locations":[{"start":{"line":100,"column":25},"end":{"line":100,"column":47}}]},"23":{"type":"branch","line":100,"loc":{"start":{"line":100,"column":11},"end":{"line":100,"column":29}},"locations":[{"start":{"line":100,"column":11},"end":{"line":100,"column":29}}]},"24":{"type":"branch","line":100,"loc":{"start":{"line":100,"column":25},"end":{"line":100,"column":47}},"locations":[{"start":{"line":100,"column":25},"end":{"line":100,"column":47}}]},"25":{"type":"branch","line":102,"loc":{"start":{"line":102,"column":31},"end":{"line":104,"column":24}},"locations":[{"start":{"line":102,"column":31},"end":{"line":104,"column":24}}]},"26":{"type":"branch","line":102,"loc":{"start":{"line":102,"column":52},"end":{"line":103,"column":37}},"locations":[{"start":{"line":102,"column":52},"end":{"line":103,"column":37}}]},"27":{"type":"branch","line":103,"loc":{"start":{"line":103,"column":37},"end":{"line":104,"column":24}},"locations":[{"start":{"line":103,"column":37},"end":{"line":104,"column":24}}]},"28":{"type":"branch","line":105,"loc":{"start":{"line":105,"column":13},"end":{"line":105,"column":36}},"locations":[{"start":{"line":105,"column":13},"end":{"line":105,"column":36}}]},"29":{"type":"branch","line":108,"loc":{"start":{"line":108,"column":8},"end":{"line":108,"column":36}},"locations":[{"start":{"line":108,"column":8},"end":{"line":108,"column":36}}]},"30":{"type":"branch","line":98,"loc":{"start":{"line":98,"column":17},"end":{"line":98,"column":18}},"locations":[{"start":{"line":98,"column":17},"end":{"line":98,"column":18}}]},"31":{"type":"branch","line":92,"loc":{"start":{"line":92,"column":61},"end":{"line":92,"column":103}},"locations":[{"start":{"line":92,"column":61},"end":{"line":92,"column":103}}]},"32":{"type":"branch","line":93,"loc":{"start":{"line":93,"column":29},"end":{"line":93,"column":32}},"locations":[{"start":{"line":93,"column":29},"end":{"line":93,"column":32}}]}},"b":{"0":[65],"1":[65],"2":[65],"3":[64],"4":[65],"5":[473],"6":[473],"7":[39],"8":[0],"9":[0],"10":[37],"11":[65],"12":[292],"13":[65],"14":[292],"15":[0],"16":[0],"17":[292],"18":[60],"19":[232],"20":[292],"21":[39],"22":[181],"23":[39],"24":[181],"25":[181],"26":[38],"27":[143],"28":[181],"29":[181],"30":[37],"31":[0],"32":[0]},"fnMap":{"0":{"name":"isActiveSegment","decl":{"start":{"line":47,"column":10},"end":{"line":49,"column":2}},"loc":{"start":{"line":47,"column":10},"end":{"line":49,"column":2}},"line":47},"1":{"name":"getSegmentStyle","decl":{"start":{"line":52,"column":10},"end":{"line":56,"column":2}},"loc":{"start":{"line":52,"column":10},"end":{"line":56,"column":2}},"line":52}},"f":{"0":473,"1":473}}
,"/home/dwalleck/repos/mental-health-bar-rs/src/lib/components/dashboard/DashboardScores.svelte": {"path":"/home/dwalleck/repos/mental-health-bar-rs/src/lib/components/dashboard/DashboardScores.svelte","all":false,"statementMap":{"0":{"start":{"line":1,"column":0},"end":{"line":1,"column":18}},"10":{"start":{"line":11,"column":0},"end":{"line":11,"column":68}},"13":{"start":{"line":14,"column":0},"end":{"line":14,"column":64}},"14":{"start":{"line":15,"column":0},"end":{"line":15,"column":39}},"15":{"start":{"line":16,"column":0},"end":{"line":16,"column":36}},"16":{"start":{"line":17,"column":0},"end":{"line":17,"column":39}},"17":{"start":{"line":18,"column":0},"end":{"line":18,"column":37}},"21":{"start":{"line":22,"column":0},"end":{"line":22,"column":80}},"22":{"start":{"line":23,"column":0},"end":{"line":23,"column":27}},"23":{"start":{"line":24,"column":0},"end":{"line":24,"column":40}},"24":{"start":{"line":25,"column":0},"end":{"line":25,"column":45}},"27":{"start":{"line":28,"column":0},"end":{"line":28,"column":16}},"28":{"start":{"line":29,"column":0},"end":{"line":29,"column":22}},"30":{"start":{"line":31,"column":0},"end":{"line":31,"column":37}},"31":{"start":{"line":32,"column":0},"end":{"line":32,"column":8}},"32":{"start":{"line":33,"column":0},"end":{"line":33,"column":18}},"33":{"start":{"line":34,"column":0},"end":{"line":34,"column":16}},"34":{"start":{"line":35,"column":0},"end":{"line":35,"column":26}},"37":{"start":{"line":38,"column":0},"end":{"line":38,"column":38}},"38":{"start":{"line":39,"column":0},"end":{"line":39,"column":43}},"39":{"start":{"line":40,"column":0},"end":{"line":40,"column":11}},"40":{"start":{"line":41,"column":0},"end":{"line":41,"column":88}},"41":{"start":{"line":42,"column":0},"end":{"line":42,"column":33}},"43":{"start":{"line":44,"column":0},"end":{"line":44,"column":51}},"44":{"start":{"line":45,"column":0},"end":{"line":45,"column":21}},"46":{"start":{"line":47,"column":0},"end":{"line":47,"column":64}},"47":{"start":{"line":48,"column":0},"end":{"line":48,"column":48}},"48":{"start":{"line":49,"column":0},"end":{"line":49,"column":7}},"49":{"start":{"line":50,"column":0},"end":{"line":50,"column":7}},"53":{"start":{"line":54,"column":0},"end":{"line":54,"column":26}},"56":{"start":{"line":57,"column":0},"end":{"line":57,"column":77}},"57":{"start":{"line":58,"column":0},"end":{"line":58,"column":31}},"58":{"start":{"line":59,"column":0},"end":{"line":59,"column":60}},"59":{"start":{"line":60,"column":0},"end":{"line":60,"column":35}},"60":{"start":{"line":61,"column":0},"end":{"line":61,"column":21}},"61":{"start":{"line":62,"column":0},"end":{"line":62,"column":49}},"62":{"start":{"line":63,"column":0},"end":{"line":63,"column":6}},"63":{"start":{"line":64,"column":0},"end":{"line":64,"column":6}},"64":{"start":{"line":65,"column":0},"end":{"line":65,"column":32}},"65":{"start":{"line":66,"column":0},"end":{"line":66,"column":30}},"66":{"start":{"line":67,"column":0},"end":{"line":67,"column":18}},"67":{"start":{"line":68,"column":0},"end":{"line":68,"column":54}},"69":{"start":{"line":70,"column":0},"end":{"line":70,"column":20}},"70":{"start":{"line":71,"column":0},"end":{"line":71,"column":64}},"71":{"start":{"line":72,"column":0},"end":{"line":72,"column":5}},"72":{"start":{"line":73,"column":0},"end":{"line":73,"column":14}},"73":{"start":{"line":74,"column":0},"end":{"line":74,"column":20}},"74":{"start":{"line":75,"column":0},"end":{"line":75,"column":20}},"75":{"start":{"line":76,"column":0},"end":{"line":76,"column":5}},"76":{"start":{"line":77,"column":0},"end":{"line":77,"column":4}},"77":{"start":{"line":78,"column":0},"end":{"line":78,"column":3}},"79":{"start":{"line":80,"column":0},"end":{"line":80,"column":20}},"82":{"start":{"line":83,"column":0},"end":{"line":83,"column":16}},"83":{"start":{"line":84,"column":0},"end":{"line":84,"column":20}},"84":{"start":{"line":85,"column":0},"end":{"line":85,"column":3}},"85":{"start":{"line":86,"column":0},"end":{"line":86,"column":3}},"88":{"start":{"line":89,"column":0},"end":{"line":89,"column":51}},"90":{"start":{"line":91,"column":0},"end":{"line":91,"column":54}},"91":{"start":{"line":92,"column":0},"end":{"line":92,"column":2}},"96":{"start":{"line":97,"column":0},"end":{"line":97,"column":12}},"98":{"start":{"line":99,"column":0},"end":{"line":99,"column":46}},"101":{"start":{"line":102,"column":0},"end":{"line":102,"column":44}},"109":{"start":{"line":110,"column":0},"end":{"line":110,"column":45}},"117":{"start":{"line":118,"column":0},"end":{"line":118,"column":50}},"121":{"start":{"line":122,"column":0},"end":{"line":122,"column":44}},"130":{"start":{"line":131,"column":0},"end":{"line":131,"column":61}},"132":{"start":{"line":133,"column":0},"end":{"line":133,"column":17}},"134":{"start":{"line":135,"column":0},"end":{"line":135,"column":45}},"136":{"start":{"line":137,"column":0},"end":{"line":137,"column":58}},"137":{"
[...]
art":{"line":21,"column":0},"end":{"line":21,"column":28}},"21":{"start":{"line":22,"column":0},"end":{"line":22,"column":3}},"23":{"start":{"line":24,"column":0},"end":{"line":24,"column":38}},"24":{"start":{"line":25,"column":0},"end":{"line":25,"column":7}},"25":{"start":{"line":26,"column":0},"end":{"line":26,"column":53}},"26":{"start":{"line":27,"column":0},"end":{"line":27,"column":19}},"27":{"start":{"line":28,"column":0},"end":{"line":28,"column":17}},"28":{"start":{"line":29,"column":0},"end":{"line":29,"column":13}},"30":{"start":{"line":31,"column":0},"end":{"line":31,"column":44}},"31":{"start":{"line":32,"column":0},"end":{"line":32,"column":15}},"32":{"start":{"line":33,"column":0},"end":{"line":33,"column":55}},"33":{"start":{"line":34,"column":0},"end":{"line":34,"column":3}},"34":{"start":{"line":35,"column":0},"end":{"line":35,"column":2}},"36":{"start":{"line":37,"column":0},"end":{"line":37,"column":48}},"37":{"start":{"line":38,"column":0},"end":{"line":38,"column":24}},"38":{"start":{"line":39,"column":0},"end":{"line":39,"column":26}},"40":{"start":{"line":41,"column":0},"end":{"line":41,"column":7}},"41":{"start":{"line":42,"column":0},"end":{"line":42,"column":22}},"42":{"start":{"line":43,"column":0},"end":{"line":43,"column":15}},"43":{"start":{"line":44,"column":0},"end":{"line":44,"column":24}},"46":{"start":{"line":47,"column":0},"end":{"line":47,"column":36}},"47":{"start":{"line":48,"column":0},"end":{"line":48,"column":36}},"48":{"start":{"line":49,"column":0},"end":{"line":49,"column":97}},"50":{"start":{"line":51,"column":0},"end":{"line":51,"column":4}},"52":{"start":{"line":53,"column":0},"end":{"line":53,"column":29}},"53":{"start":{"line":54,"column":0},"end":{"line":54,"column":14}},"54":{"start":{"line":55,"column":0},"end":{"line":55,"column":29}},"55":{"start":{"line":56,"column":0},"end":{"line":56,"column":39}},"56":{"start":{"line":57,"column":0},"end":{"line":57,"column":33}},"60":{"start":{"line":61,"column":0},"end":{"line":61,"column":47}},"61":{"start":{"line":62,"column":0},"end":{"line":62,"column":17}},"62":{"start":{"line":63,"column":0},"end":{"line":63,"column":27}},"63":{"start":{"line":64,"column":0},"end":{"line":64,"column":13}},"64":{"start":{"line":65,"column":0},"end":{"line":65,"column":29}},"66":{"start":{"line":67,"column":0},"end":{"line":67,"column":21}},"67":{"start":{"line":68,"column":0},"end":{"line":68,"column":25}},"68":{"start":{"line":69,"column":0},"end":{"line":69,"column":11}},"69":{"start":{"line":70,"column":0},"end":{"line":70,"column":15}},"70":{"start":{"line":71,"column":0},"end":{"line":71,"column":53}},"71":{"start":{"line":72,"column":0},"end":{"line":72,"column":42}},"72":{"start":{"line":73,"column":0},"end":{"line":73,"column":13}},"73":{"start":{"line":74,"column":0},"end":{"line":74,"column":23}},"74":{"start":{"line":75,"column":0},"end":{"line":75,"column":3}},"75":{"start":{"line":76,"column":0},"end":{"line":76,"column":2}},"77":{"start":{"line":78,"column":0},"end":{"line":78,"column":47}},"78":{"start":{"line":79,"column":0},"end":{"line":79,"column":32}},"79":{"start":{"line":80,"column":0},"end":{"line":80,"column":24}},"80":{"start":{"line":81,"column":0},"end":{"line":81,"column":60}},"81":{"start":{"line":82,"column":0},"end":{"line":82,"column":16}},"82":{"start":{"line":83,"column":0},"end":{"line":83,"column":44}},"83":{"start":{"line":84,"column":0},"end":{"line":84,"column":20}},"84":{"start":{"line":85,"column":0},"end":{"line":85,"column":22}},"85":{"start":{"line":86,"column":0},"end":{"line":86,"column":17}},"87":{"start":{"line":88,"column":0},"end":{"line":88,"column":3}},"88":{"start":{"line":89,"column":0},"end":{"line":89,"column":43}},"89":{"start":{"line":90,"column":0},"end":{"line":90,"column":18}},"90":{"start":{"line":91,"column":0},"end":{"line":91,"column":18}},"91":{"start":{"line":92,"column":0},"end":{"line":92,"column":19}},"92":{"start":{"line":93,"column":0},"end":{"line":93,"column":21}},"94":{"start":{"line":95,"column":0},"end":{"line":95,"column":2}},"130":{"start":{"line":131,"column":0},"end":{"line":131,"column":12}},"133":{"start":{"line":134,"column":0},"end":{"line":134,"column":42}},"137":{"start":{"line":138,"column":0},"end":{"line":138,"column":21}},"139":{"start":{"line":140,"column":0},"end":{"line":140,"column":54}},"144":{"start":{"line":145,"column":0},"end":{"line":145,"column":48}},"146":{"start":{"line":147,"column":0},"end":{"line":147,"column":86}},"151":{"start":{"line":152,"column":0},"end":{"line":152,"column":38}},"152":{"start":{"line":153,"column":0},"end":{"line":153,"column":52}},"162":{"start":{"line":163,"column":0},"end":{"line":163,"column":23}},"170":{"start":{"line":171,"column":0},"end":{"line":171,"column":37}},"178":{"start":{"line":179,"column":0},"end":{"line":179,"column":27}},"180":{"start":{"line":181,"column":0},"end":{"line":181,"column":51}},"185":{"start":{"line":186,"column":0},"end":{"line":186,"column":32}},"198":{"start":{"line":199,"column":0},"end":{"line":199,"column":50}},"204":{"start":{"line":205,"column":0},"end":{"line":205,"column":29}},"208":{"start":{"line":209,"column":0},"end":{"line":209,"column":44}},"211":{"start":{"line":212,"column":0},"end":{"line":212,"column":41}},"215":{"start":{"line":216,"column":0},"end":{"line":216,"column":63}},"217":{"start":{"line":218,"column":0},"end":{"line":218,"column":60}},"221":{"start":{"line":222,"column":0},"end":{"line":222,"column":49}},"222":{"start":{"line":223,"column":0},"end":{"line":223,"column":25}}},"s":{"0":0,"11":0,"12":0,"13":0,"14":0,"15":0,"16":0,"17":0,"19":0,"20":0,"21":0,"23":0,"24":0,"25":0,"26":0,"27":0,"28":0,"30":0,"31":0,"32":0,"33":0,"34":0,"36":0,"37":0,"38":0,"40":0,"41":0,"42":0,"43":0,"46":0,"47":0,"48":0,"50":0,"52":0,"53":0,"54":0,"55":0,"56":0,"60":0,"61":0,"62":0,"63":0,"64":0,"66":0,"67":0,"68":0,"69":0,"70":0,"71":0,"72":0,"73":0,"74":0,"75":0,"77":0,"78":0,"79":0,"80":0,"81":0,"82":0,"83":0,"84":0,"85":0,"87":0,"88":0,"89":0,"90":0,"91":0,"92":0,"94":0,"130":0,"133":0,"137":0,"139":0,"144":0,"146":0,"151":0,"152":0,"162":0,"170":0,"178":0,"180":0,"185":0,"198":0,"204":0,"208":0,"211":0,"215":0,"217":0,"221":0,"222":0},"branchMap":{"0":{"type":"branch","line":1,"loc":{"start":{"line":1,"column":7199},"end":{"line":233,"column":6}},"locations":[{"start":{"line":1,"column":7199},"end":{"line":233,"column":6}}]}},"b":{"0":[0]},"fnMap":{"0":{"name":"(empty-report)","decl":{"start":{"line":1,"column":7199},"end":{"line":233,"column":6}},"loc":{"start":{"line":1,"column":7199},"end":{"line":233,"column":6}},"line":1}},"f":{"0":0}}
,"/home/dwalleck/repos/mental-health-bar-rs/src/routes/mood/activities/+page.svelte": {"path":"/home/dwalleck/repos/mental-health-bar-rs/src/routes/mood/activities/+page.svelte","all":true,"statementMap":{"0":{"start":{"line":1,"column":0},"end":{"line":1,"column":18}},"10":{"start":{"line":11,"column":0},"end":{"line":11,"column":40}},"11":{"start":{"line":12,"column":0},"end":{"line":12,"column":27}},"12":{"start":{"line":13,"column":0},"end":{"line":13,"column":40}},"13":{"start":{"line":14,"column":0},"end":{"line":14,"column":29}},"14":{"start":{"line":15,"column":0},"end":{"line":15,"column":52}},"16":{"start":{"line":17,"column":0},"end":{"line":17,"column":22}},"17":{"start":{"line":18,"column":0},"end":{"line":18,"column":24}},"18":{"start":{"line":19,"column":0},"end":{"line":19,"column":3}},"20":{"start":{"line":21,"column":0},"end":{"line":21,"column":34}},"21":{"start":{"line":22,"column":0},"end":{"line":22,"column":7}},"22":{"start":{"line":23,"column":0},"end":{"line":23,"column":17}},"23":{"start":{"line":24,"column":0},"end":{"line":24,"column":15}},"24":{"start":{"line":25,"column":0},"end":{"line":25,"column":73}},"25":{"start":{"line":26,"column":0},"end":{"line":26,"column":15}},"26":{"start":{"line":27,"column":0},"end":{"line":27,"column":53}},"27":{"start":{"line":28,"column":0},"end":{"line":28,"column":49}},"28":{"start":{"line":29,"column":0},"end":{"line":29,"column":13}},"29":{"start":{"line":30,"column":0},"end":{"line":30,"column":18}},"30":{"start":{"line":31,"column":0},"end":{"line":31,"column":3}},"31":{"start":{"line":32,"column":0},"end":{"line":32,"column":2}},"33":{"start":{"line":34,"column":0},"end":{"line":34,"column":29}},"34":{"start":{"line":35,"column":0},"end":{"line":35,"column":24}},"35":{"start":{"line":36,"column":0},"end":{"line":36,"column":17}},"36":{"start":{"line":37,"column":0},"end":{"line":37,"column":2}},"38":{"start":{"line":39,"column":0},"end":{"line":39,"column":42}},"39":{"start":{"line":40,"column":0},"end":{"line":40,"column":28}},"40":{"start":{"line":41,"column":0},"end":{"line":41,"column":17}},"41":{"start":{"line":42,"column":0},"end":{"line":42,"column":2}},"43":{"start":{"line":44,"column":0},"end":{"line":44,"column":26}},"44":{"start":{"line":45,"column":0},"end":{"line":45,"column":18}},"45":{"start":{"line":46,"column":0},"end":{"line":46,"column":24}},"46":{"start":{"line":47,"column":0},"end":{"line":47,"column":2}},"48":{"start":{"line":49,"column":0},"end":{"line":49,"column":73}},"49":{"start":{"line":50,"column":0},"end":{"line":50,"column":7}},"50":{"start":{"line":51,"column":0},"end":{"line":51,"column":15}},"52":{"start":{"line":53,"column":0},"end":{"line":53,"column":25}},"54":{"start":{"line":55,"column":0},"end":{"line":55,"column":37}},"55":{"start":{"line":56,"column":0},"end":{"line":56,"column":28}},"56":{"start":{"line":57,"column":0},"end":{"line":57,"column":15}},"57":{"start":{"line":58,"column":0},"end":{"line":58,"column":25}},"58":{"start":{"line":59,"column":0},"end":{"line":59,"column":27}},"59":{"start":{"line":60,"column":0},"end":{"line":60,"column":25}},"62":{"start":{"line":63,"column":0},"end":{"line":63,"column":11}},"64":{"start":{"line":65,"column":0},"end":{"line":65,"column":37}},"65":{"start":{"line":66,"column":0},"end":{"line":66,"column":15}},"66":{"start":{"line":67,"column":0},"end":{"line":67,"column":11}},"67":{"start":{"line":68,"column":0},"end":{"line":68,"column":27}},"68":{"start":{"line":69,"column":0},"end":{"line":69,"column":25}},"71":{"start":{"line":72,"column":0},"end":{"line":72,"column":4}},"73":{"start":{"line":74,"column":0},"end":{"line":74,"column":25}},"74":{"start":{"line":75,"column":0},"end":{"line":75,"column":17}},"75":{"start":{"line":76,"column":0},"end":{"line":76,"column":15}},"76":{"start":{"line":77,"column":0},"end":{"line":77,"column":53}},"77":{"start":{"line":78,"column":0},"end":{"line":78,"column":44}},"78":{"start":{"line":79,"column":0},"end":{"line":79,"column":3}},"79":{"start":{"line":80,"column":0},"end":{"line":80,"column":2}},"81":{"start":{"line":82,"column":0},"end":{"line":82,"column":42}},"82":{"start":{"line":83,"column":0},"end":{"line":83,"column":7}},"83":{"start":{"line":84,"column":0},"end":{"line":84,"column":15}},"84":{"start":{"line":85,"column":0},"end":{"line":85,"column":42}},"85":{"start":{"line":86,"column":0},"end":{"line":86,"column":25}},"86":{"start":{"line":87,"column":0},"end":{"line":87,"column":15}},"87":{"start":{"line":88,"column":0},"end":{"line":88,"column":53}},"88":{"start":{"line":89,"column":0},"end":{"line":89,"column":49}},"89":{"start":{"line":90,"column":0},"end":{"line":90,"column":3}},"90":{"start":{"line":91,"column":0},"end":{"line":91,"column":2}},"105":{"start":{"line":106,"column":0},"end":{"line":106,"column":12}},"108":{"start":{"line":109,"column":0},"end":{"line":109,"column":42}},"112":{"start":{"line":113,"column":0},"end":{"line":113,"column":15}},"113":{"start":{"line":114,"column":0},"end":{"line":114,"column":74}},"114":{"start":{"line":115,"column":0},"end":{"line":115,"column":94}},"120":{"start":{"line":121,"column":0},"end":{"line":121,"column":29}},"131":{"start":{"line":132,"column":0},"end":{"line":132,"column":86}},"135":{"start":{"line":136,"column":0},"end":{"line":136,"column":16}}},"s":{"0":0,"10":0,"11":0,"12":0,"13":0,"14":0,"16":0,"17":0,"18":0,"20":0,"21":0,"22":0,"23":0,"24":0,"25":0,"26":0,"27":0,"28":0,"29":0,"30":0,"31":0,"33":0,"34":0,"35":0,"36":0,"38":0,"39":0,"40":0,"41":0,"43":0,"44":0,"45":0,"46":0,"48":0,"49":0,"50":0,"52":0,"54":0,"55":0,"56":0,"57":0,"58":0,"59":0,"62":0,"64":0,"65":0,"66":0,"67":0,"68":0,"71":0,"73":0,"74":0,"75":0,"76":0,"77":0,"78":0,"79":0,"81":0,"82":0,"83":0,"84":0,"85":0,"86":0,"87":0,"88":0,"89":0,"90":0,"105":0,"108":0,"112":0,"113":0,"114":0,"120":0,"131":0,"135":0},"branchMap":{"0":{"type":"branch","line":1,"loc":{"start":{"line":1,"column":3892},"end":{"line":147,"column":6}},"locations":[{"start":{"line":1,"column":3892},"end":{"line":147,"column":6}}]}},"b":{"0":[0]},"fnMap":{"0":{"name":"(empty-report)","decl":{"start":{"line":1,"column":3892},"end":{"line":147,"column":6}},"loc":{"start":{"line":1,"column":3892},"end":{"line":147,"column":6}},"line":1}},"f":{"0":0}}
,"/home/dwalleck/repos/mental-health-bar-rs/src/routes/mood/history/+page.svelte": {"path":"/home/dwalleck/repos/mental-health-bar-rs/src/routes/mood/history/+page.svelte","all":true,"statementMap":{"0":{"start":{"line":1,"column":0},"end":{"line":1,"column":18}},"9":{"start":{"line":10,"column":0},"end":{"line":10,"column":41}},"10":{"start":{"line":11,"column":0},"end":{"line":11,"column":43}},"11":{"start":{"line":12,"column":0},"end":{"line":12,"column":27}},"12":{"start":{"line":13,"column":0},"end":{"line":13,"column":40}},"13":{"start":{"line":14,"column":0},"end":{"line":14,"column":61}},"15":{"start":{"line":16,"column":0},"end":{"line":16,"column":22}},"16":{"start":{"line":17,"column":0},"end":{"line":17,"column":21}},"17":{"start":{"line":18,"column":0},"end":{"line":18,"column":19}},"18":{"start":{"line":19,"column":0},"end":{"line":19,"column":3}},"20":{"start":{"line":21,"column":0},"end":{"line":21,"column":31}},"21":{"start":{"line":22,"column":0},"end":{"line":22,"column":7}},"22":{"start":{"line":23,"column":0},"end":{"line":23,"column":17}},"23":{"start":{"line":24,"column":0},"end":{"line":24,"column":15}},"25":{"start":{"line":26,"column":0},"end":{"line":26,"column":37}},"26":{"start":{"line":27,"column":0},"end":{"line":27,"column":25}},"28":{"start":{"line":29,"column":0},"end":{"line":29,"column":35}},"30":{"start":{"line":31,"column":0},"end":{"line":31,"column":33}},"31":{"start":{"line":32,"column":0},"end":{"line":32,"column":42}},"32":{"start":{"line":33,"column":0},"end":{"line":33,"column":36}},"33":{"start":{"line":34,"column":0},"end":{"line":34,"column":43}},"35":{"start":{"line":36,"column":0},"end":{"line":36,"column":34}},"36":{"start":{"line":37,"column":0},"end":{"line":37,"column":46}},"37":{"start":{"line":38,"column":0},"end":{"line":38,"column":37}},"38":{"start":{"line":39,"column":0},"end":{"line":39,"column":4}},"40":{"start":{"line":41,"column":0},"end":{"line":41,"column":53}},"41":{"start":{"line":42,"column":0},"end":{"line":42,"column":13}},"42":{"start":{"line":43,"column":0},"end":{"line":43,"column":17}},"43":{"start":{"line":44,"column":0},"end":{"line":44,"column":15}},"45":{"start":{"line":46,"column":0},"end":{"line":46,"column":38}},"46":{"start":{"line":47,"column":0},"end":{"line":47,"column":15}},"47":{"start":{"line":48,"column":0},"end":{"line":48,"column":53}},"48":{"start":{"line":49,"column":0},"end":{"line":49,"column":51}},"49":{"start":{"line":50,"column":0},"end":{"line":50,"column":13}},"50":{"start":{"line":51,"column":0},"end":{"line":51,"column":18}},"51":{"start":{"line":52,"column":0},"end":{"line":52,"column":3}},"52":{"start":{"line":53,"column":0},"end":{"line":53,"column":2}},"54":{"start":{"line":55,"column":0},"end":{"line":55,"column":29}},"55":{"start":{"line":56,"column":0},"end":{"line":56,"column":7}},"56":{"start":{"line":57,"column":0},"end":{"line":57,"column":43}},"57":{"start":{"line":58,"column":0},"end":{"line":58,"column":19}},"58":{"start":{"line":59,"column":0},"end":{"line":59,"column":17}},"60":{"start":{"line":61,"column":0},"end":{"line":61,"column":15}},"61":{"start":{"line":62,"column":0},"end":{"line":62,"column":49}},"62":{"start":{"line":63,"column":0},"end":{"line":63,"column":3}},"63":{"start":{"line":64,"column":0},"end":{"line":64,"column":2}},"65":{"start":{"line":66,"column":0},"end":{"line":66,"column":70}},"66":{"start":{"line":67,"column":0},"end":{"line":67,"column":25}},"67":{"start":{"line":68,"column":0},"end":{"line":68,"column":21}},"68":{"start":{"line":69,"column":0},"end":{"line":69,"column":2}},"83":{"start":{"line":84,"column":0},"end":{"line":84,"column":12}},"87":{"start":{"line":88,"column":0},"end":{"line":88,"column":36}},"93":{"start":{"line":94,"column":0},"end":{"line":94,"column":27}},"99":{"start":{"line":100,"column":0},"end":{"line":100,"column":80}},"100":{"start":{"line":101,"column":0},"end":{"line":101,"column":94}},"103":{"start":{"line":104,"column":0},"end":{"line":104,"column":40}},"104":{"start":{"line":105,"column":0},"end":{"line":105,"column":50}},"106":{"start":{"line":107,"column":0},"end":{"line":107,"column":71}},"109":{"start":{"line":110,"column":0},"end":{"line":110,"column":46}},"125":{"start":{"line":126,"column":0},"end":{"line":126,"column":30}},"126":{"start":{"line":127,"column":0},"end":{"line":127,"column":31}},"127":{"start":{"line":128,"column":0},"end":{"line":128,"column":54}},"128":{"start":{"line":129,"column":0},"end":{"line":129,"column":45}},"134":{"start":{"line":135,"column":0},"end":{"line":135,"column":31}},"135":{"start":{"line":136,"column":0},"end":{"line":136,"column":31}},"136":{"start":{"line":137,"column":0},"end":{"line":137,"column":54}},"137":{"start":{"line":138,"column":0},"end":{"line":138,"column":46}},"143":{"start":{"line":144,"column":0},"end":{"line":144,"column":32}},"144":{"start":{"line":145,"column":0},"end":{"line":145,"column":31}},"145":{"start":{"line":146,"column":0},"end":{"line":146,"column":54}},"146":{"start":{"line":147,"column":0},"end":{"line":147,"column":47}}},"s":{"0":0,"9":0,"10":0,"11":0,"12":0,"13":0,"15":0,"16":0,"17":0,"18":0,"20":0,"21":0,"22":0,"23":0,"25":0,"26":0,"28":0,"30":0,"31":0,"32":0,"33":0,"35":0,"36":0,"37":0,"38":0,"40":0,"41":0,"42":0,"43":0,"45":0,"46":0,"47":0,"48":0,"49":0,"50":0,"51":0,"52":0,"54":0,"55":0,"56":0,"57":0,"58":0,"60":0,"61":0,"62":0,"63":0,"65":0,"66":0,"67":0,"68":0,"83":0,"87":0,"93":0,"99":0,"100":0,"103":0,"104":0,"106":0,"109":0,"125":0,"126":0,"127":0,"128":0,"134":0,"135":0,"136":0,"137":0,"143":0,"144":0,"145":0,"146":0},"branchMap":{"0":{"type":"branch","line":1,"loc":{"start":{"line":1,"column":4718},"end":{"line":165,"column":6}},"locations":[{"start":{"line":1,"column":4718},"end":{"line":165,"column":6}}]}},"b":{"0":[0]},"fnMap":{"0":{"name":"(empty-report)","decl":{"start":{"line":1,"column":4718},"end":{"line":165,"column":6}},"loc":{"start":{"line":1,"column":4718},"end":{"line":165,"column":6}},"line":1}},"f":{"0":0}}
,"/home/dwalleck/repos/mental-health-bar-rs/src/routes/settings/+page.svelte": {"path":"/home/dwalleck/repos/mental-health-bar-rs/src/routes/settings/+page.svelte","all":true,"statementMap":{"0":{"start":{"line":1,"column":0},"end":{"line":1,"column":18}},"4":{"start":{"line":5,"column":0},"end":{"line":5,"column":33}},"6":{"start":{"line":7,"column":0},"end":{"line":7,"column":35}},"8":{"start":{"line":9,"column":0},"end":{"line":9,"column":20}},"9":{"start":{"line":10,"column":0},"end":{"line":10,"column":2}},"26":{"start":{"line":27,"column":0},"end":{"line":27,"column":54}},"31":{"start":{"line":32,"column":0},"end":{"line":32,"column":52}}},"s":{"0":0,"4":0,"6":0,"8":0,"9":0,"26":0,"31":0},"branchMap":{"0":{"type":"branch","line":1,"loc":{"start":{"line":1,"column":952},"end":{"line":36,"column":6}},"locations":[{"start":{"line":1,"column":952},"end":{"line":36,"column":6}}]}},"b":{"0":[0]},"fnMap":{"0":{"name":"(empty-report)","decl":{"start":{"line":1,"column":952},"end":{"line":36,"column":6}},"loc":{"start":{"line":1,"column":952},"end":{"line":36,"column":6}},"line":1}},"f":{"0":0}}
}
